2024-07-16 15:11:14.037 INFO: MACE version: 0.3.5
2024-07-16 15:11:14.037 INFO: Configuration: Namespace(config=None, name='MACE_model', seed=123, log_dir='/home/civil/phd/cez218288/scratch/mace/output_dir_sl/kelvin_mace', model_dir='/home/civil/phd/cez218288/scratch/mace/output_dir_sl/kelvin_mace', checkpoints_dir='/home/civil/phd/cez218288/scratch/mace/output_dir_sl/kelvin_mace', results_dir='/home/civil/phd/cez218288/scratch/mace/output_dir_sl/kelvin_mace', downloads_dir='downloads', device='cuda', default_dtype='float64', distributed=False, log_level='INFO', error_table='PerAtomRMSE', model='MACE', r_max=5.0, radial_type='bessel', num_radial_basis=8, num_cutoff_basis=5, pair_repulsion=False, distance_transform='None', interaction='RealAgnosticResidualInteractionBlock', interaction_first='RealAgnosticResidualInteractionBlock', max_ell=3, correlation=3, num_interactions=2, MLP_irreps='16x0e', radial_MLP='[64, 64, 64]', hidden_irreps='128x0e + 128x1o', num_channels=None, max_L=None, gate='silu', scaling='rms_forces_scaling', avg_num_neighbors=1, compute_avg_num_neighbors=True, compute_stress=False, compute_forces=True, train_file='/home/civil/phd/cez218288/scratch/mace/data/train/botnet.xyz', valid_file='/home/civil/phd/cez218288/scratch/mace/data/val/botnet.xyz', valid_fraction=0.05, test_file='/home/civil/phd/cez218288/scratch/mace/data/test/botnet.xyz', test_dir=None, multi_processed_test=False, num_workers=0, pin_memory=True, atomic_numbers=None, mean=None, std=None, statistics_file=None, E0s='{1:-13.663181292231226, 3:-216.78673811801755, 6:-1029.2809654211628, 7:-1484.1187695035828, 8:-2042.0330099956639, 15:-1537.0898574856286, 16:-1867.8202267974733}', keep_isolated_atoms=False, energy_key='energy', forces_key='forces', virials_key='virials', stress_key='stress', dipole_key='dipole', charges_key='charges', loss='weighted', forces_weight=10.0, swa_forces_weight=10.0, energy_weight=1.0, swa_energy_weight=1.0, virials_weight=1.0, swa_virials_weight=10.0, stress_weight=1.0, swa_stress_weight=10.0, dipole_weight=1.0, swa_dipole_weight=1.0, config_type_weights='{"Default":1.0}', huber_delta=0.01, optimizer='adam', beta=0.9, batch_size=10, valid_batch_size=10, lr=0.01, swa_lr=0.001, weight_decay=5e-07, amsgrad=True, scheduler='ReduceLROnPlateau', lr_factor=0.8, scheduler_patience=50, lr_scheduler_gamma=0.9993, swa=True, start_swa=1125, ema=True, ema_decay=0.99, max_num_epochs=1500, patience=2048, foundation_model=None, foundation_model_readout=True, eval_interval=2, keep_checkpoints=False, save_all_checkpoints=False, restart_latest=True, save_cpu=False, clip_grad=10.0, wandb=False, wandb_dir=None, wandb_project='', wandb_entity='', wandb_name='', wandb_log_hypers=['num_channels', 'max_L', 'correlation', 'lr', 'swa_lr', 'weight_decay', 'batch_size', 'max_num_epochs', 'start_swa', 'energy_weight', 'forces_weight'])
2024-07-16 15:11:14.238 INFO: CUDA version: 12.1, CUDA device: 0
2024-07-16 15:11:14.663 INFO: Error accessing Git repository: Failed to initialize: Bad git executable.
The git executable must be specified in one of the following ways:
    - be included in your $PATH
    - be set via $GIT_PYTHON_GIT_EXECUTABLE
    - explicitly set via git.refresh(<full-path-to-git-executable>)

All git commands will error until this is rectified.

This initial message can be silenced or aggravated in the future by setting the
$GIT_PYTHON_REFRESH environment variable. Use one of the following values:
    - quiet|q|silence|s|silent|none|n|0: for no message or exception
    - warn|w|warning|log|l|1: for a warning message (logging level CRITICAL, displayed by default)
    - error|e|exception|raise|r|2: for a raised exception

Example:
    export GIT_PYTHON_REFRESH=quiet

2024-07-16 15:11:15.572 INFO: Since ASE version 3.23.0b1, using energy_key 'energy' is no longer safe when communicating between MACE and ASE. We recommend using a different key, rewriting energies to 'REF_energy'. You need to use --energy_key='REF_energy', to tell the key name chosen.
2024-07-16 15:11:15.768 INFO: Since ASE version 3.23.0b1, using forces_key 'forces' is no longer safe when communicating between MACE and ASE. We recommend using a different key, rewriting energies to 'REF_forces'. You need to use --forces_key='REF_forces', to tell the key name chosen.
2024-07-16 15:11:15.913 INFO: Since ASE version 3.23.0b1, using stress_key 'stress' is no longer safe when communicating between MACE and ASE. We recommend using a different key, rewriting energies to 'REF_stress'. You need to use --stress_key='REF_stress', to tell the key name chosen.
2024-07-16 15:11:15.950 INFO: Loaded 950 training configurations from '/home/civil/phd/cez218288/scratch/mace/data/train/botnet.xyz'
2024-07-16 15:11:16.008 INFO: Since ASE version 3.23.0b1, using energy_key 'energy' is no longer safe when communicating between MACE and ASE. We recommend using a different key, rewriting energies to 'REF_energy'. You need to use --energy_key='REF_energy', to tell the key name chosen.
2024-07-16 15:11:16.015 INFO: Since ASE version 3.23.0b1, using forces_key 'forces' is no longer safe when communicating between MACE and ASE. We recommend using a different key, rewriting energies to 'REF_forces'. You need to use --forces_key='REF_forces', to tell the key name chosen.
2024-07-16 15:11:16.023 INFO: Since ASE version 3.23.0b1, using stress_key 'stress' is no longer safe when communicating between MACE and ASE. We recommend using a different key, rewriting energies to 'REF_stress'. You need to use --stress_key='REF_stress', to tell the key name chosen.
2024-07-16 15:11:16.025 INFO: Loaded 50 validation configurations from '/home/civil/phd/cez218288/scratch/mace/data/val/botnet.xyz'
2024-07-16 15:11:16.076 INFO: Since ASE version 3.23.0b1, using energy_key 'energy' is no longer safe when communicating between MACE and ASE. We recommend using a different key, rewriting energies to 'REF_energy'. You need to use --energy_key='REF_energy', to tell the key name chosen.
2024-07-16 15:11:16.084 INFO: Since ASE version 3.23.0b1, using forces_key 'forces' is no longer safe when communicating between MACE and ASE. We recommend using a different key, rewriting energies to 'REF_forces'. You need to use --forces_key='REF_forces', to tell the key name chosen.
2024-07-16 15:11:16.091 INFO: Since ASE version 3.23.0b1, using stress_key 'stress' is no longer safe when communicating between MACE and ASE. We recommend using a different key, rewriting energies to 'REF_stress'. You need to use --stress_key='REF_stress', to tell the key name chosen.
2024-07-16 15:11:16.093 INFO: Loaded 50 test configurations from '/home/civil/phd/cez218288/scratch/mace/data/test/botnet.xyz'
2024-07-16 15:11:16.093 INFO: Total number of configurations: train=950, valid=50, tests=[Default: 50]
2024-07-16 15:11:16.106 INFO: AtomicNumberTable: (3, 15, 16)
2024-07-16 15:11:16.106 INFO: Atomic Energies not in training file, using command line argument E0s
2024-07-16 15:11:16.106 INFO: Atomic energies: [-216.78673811801755, -1537.0898574856285, -1867.8202267974732]
2024-07-16 15:11:18.023 INFO: WeightedEnergyForcesLoss(energy_weight=1.000, forces_weight=10.000)
2024-07-16 15:11:19.350 INFO: Average number of neighbors: 25.186835764109066
2024-07-16 15:11:19.350 INFO: Selected the following outputs: {'energy': True, 'forces': True, 'virials': False, 'stress': False, 'dipoles': False}
2024-07-16 15:11:20.111 INFO: Building model
2024-07-16 15:11:20.111 INFO: Hidden irreps: 128x0e + 128x1o
2024-07-16 15:11:22.899 INFO: Using stochastic weight averaging (after 1125 epochs) with energy weight : 1.0, forces weight : 10.0 and learning rate : 0.001
2024-07-16 15:11:23.091 WARNING: Cannot find checkpoint with tag 'MACE_model_run-123' in '/home/civil/phd/cez218288/scratch/mace/output_dir_sl/kelvin_mace'
2024-07-16 15:11:23.092 INFO: ScaleShiftMACE(
  (node_embedding): LinearNodeEmbeddingBlock(
    (linear): Linear(3x0e -> 128x0e | 384 weights)
  )
  (radial_embedding): RadialEmbeddingBlock(
    (bessel_fn): BesselBasis(r_max=5.0, num_basis=8, trainable=False)
    (cutoff_fn): PolynomialCutoff(p=5.0, r_max=5.0)
  )
  (spherical_harmonics): SphericalHarmonics()
  (atomic_energies_fn): AtomicEnergiesBlock(energies=[-216.7867, -1537.0899, -1867.8202])
  (interactions): ModuleList(
    (0): RealAgnosticInteractionBlock(
      (linear_up): Linear(128x0e -> 128x0e | 16384 weights)
      (conv_tp): TensorProduct(128x0e x 1x0e+1x1o+1x2e+1x3o -> 128x0e+128x1o+128x2e+128x3o | 512 paths | 512 weights)
      (conv_tp_weights): FullyConnectedNet[8, 64, 64, 64, 512]
      (linear): Linear(128x0e+128x1o+128x2e+128x3o -> 128x0e+128x1o+128x2e+128x3o | 65536 weights)
      (skip_tp): FullyConnectedTensorProduct(128x0e+128x1o+128x2e+128x3o x 3x0e -> 128x0e+128x1o+128x2e+128x3o | 196608 paths | 196608 weights)
      (reshape): reshape_irreps()
    )
    (1): RealAgnosticResidualInteractionBlock(
      (linear_up): Linear(128x0e+128x1o -> 128x0e+128x1o | 32768 weights)
      (conv_tp): TensorProduct(128x0e+128x1o x 1x0e+1x1o+1x2e+1x3o -> 256x0e+384x1o+384x2e+256x3o | 1280 paths | 1280 weights)
      (conv_tp_weights): FullyConnectedNet[8, 64, 64, 64, 1280]
      (linear): Linear(256x0e+384x1o+384x2e+256x3o -> 128x0e+128x1o+128x2e+128x3o | 163840 weights)
      (skip_tp): FullyConnectedTensorProduct(128x0e+128x1o x 3x0e -> 128x0e | 49152 paths | 49152 weights)
      (reshape): reshape_irreps()
    )
  )
  (products): ModuleList(
    (0): EquivariantProductBasisBlock(
      (symmetric_contractions): SymmetricContraction(
        (contractions): ModuleList(
          (0): Contraction(
            (contractions_weighting): ModuleList(
              (0-1): 2 x GraphModule()
            )
            (contractions_features): ModuleList(
              (0-1): 2 x GraphModule()
            )
            (weights): ParameterList(
                (0): Parameter containing: [torch.float64 of size 3x4x128 (cuda:0)]
                (1): Parameter containing: [torch.float64 of size 3x1x128 (cuda:0)]
            )
            (graph_opt_main): GraphModule()
          )
          (1): Contraction(
            (contractions_weighting): ModuleList(
              (0-1): 2 x GraphModule()
            )
            (contractions_features): ModuleList(
              (0-1): 2 x GraphModule()
            )
            (weights): ParameterList(
                (0): Parameter containing: [torch.float64 of size 3x6x128 (cuda:0)]
                (1): Parameter containing: [torch.float64 of size 3x1x128 (cuda:0)]
            )
            (graph_opt_main): GraphModule()
          )
        )
      )
      (linear): Linear(128x0e+128x1o -> 128x0e+128x1o | 32768 weights)
    )
    (1): EquivariantProductBasisBlock(
      (symmetric_contractions): SymmetricContraction(
        (contractions): ModuleList(
          (0): Contraction(
            (contractions_weighting): ModuleList(
              (0-1): 2 x GraphModule()
            )
            (contractions_features): ModuleList(
              (0-1): 2 x GraphModule()
            )
            (weights): ParameterList(
                (0): Parameter containing: [torch.float64 of size 3x4x128 (cuda:0)]
                (1): Parameter containing: [torch.float64 of size 3x1x128 (cuda:0)]
            )
            (graph_opt_main): GraphModule()
          )
        )
      )
      (linear): Linear(128x0e -> 128x0e | 16384 weights)
    )
  )
  (readouts): ModuleList(
    (0): LinearReadoutBlock(
      (linear): Linear(128x0e+128x1o -> 1x0e | 128 weights)
    )
    (1): NonLinearReadoutBlock(
      (linear_1): Linear(128x0e -> 16x0e | 2048 weights)
      (non_linearity): Activation [x] (16x0e -> 16x0e)
      (linear_2): Linear(16x0e -> 1x0e | 16 weights)
    )
  )
  (scale_shift): ScaleShiftBlock(scale=0.610403, shift=0.000000)
)
2024-07-16 15:11:23.108 INFO: Number of parameters: 751888
2024-07-16 15:11:23.109 INFO: Optimizer: Adam (
Parameter Group 0
    amsgrad: True
    betas: (0.9, 0.999)
    capturable: False
    differentiable: False
    eps: 1e-08
    foreach: None
    fused: None
    initial_lr: 0.01
    lr: 0.01
    maximize: False
    name: embedding
    swa_lr: 0.001
    weight_decay: 0.0

Parameter Group 1
    amsgrad: True
    betas: (0.9, 0.999)
    capturable: False
    differentiable: False
    eps: 1e-08
    foreach: None
    fused: None
    initial_lr: 0.01
    lr: 0.01
    maximize: False
    name: interactions_decay
    swa_lr: 0.001
    weight_decay: 5e-07

Parameter Group 2
    amsgrad: True
    betas: (0.9, 0.999)
    capturable: False
    differentiable: False
    eps: 1e-08
    foreach: None
    fused: None
    initial_lr: 0.01
    lr: 0.01
    maximize: False
    name: interactions_no_decay
    swa_lr: 0.001
    weight_decay: 0.0

Parameter Group 3
    amsgrad: True
    betas: (0.9, 0.999)
    capturable: False
    differentiable: False
    eps: 1e-08
    foreach: None
    fused: None
    initial_lr: 0.01
    lr: 0.01
    maximize: False
    name: products
    swa_lr: 0.001
    weight_decay: 5e-07

Parameter Group 4
    amsgrad: True
    betas: (0.9, 0.999)
    capturable: False
    differentiable: False
    eps: 1e-08
    foreach: None
    fused: None
    initial_lr: 0.01
    lr: 0.01
    maximize: False
    name: readouts
    swa_lr: 0.001
    weight_decay: 0.0
)
2024-07-16 15:11:23.109 INFO: Using gradient clipping with tolerance=10.000
2024-07-16 15:11:23.109 INFO: Started training
2024-07-16 15:11:39.386 INFO: Epoch None: loss=163484.7948, RMSE_E_per_atom=1278610.3 meV, RMSE_F=603.4 meV / A
2024-07-16 15:12:12.154 INFO: Epoch 0: loss=15876.9575, RMSE_E_per_atom=239028.9 meV, RMSE_F=100814.1 meV / A
2024-07-16 15:12:48.390 INFO: Epoch 2: loss=544.9662, RMSE_E_per_atom=16622.3 meV, RMSE_F=22745.0 meV / A
2024-07-16 15:13:24.676 INFO: Epoch 4: loss=226.9138, RMSE_E_per_atom=21691.9 meV, RMSE_F=13411.2 meV / A
2024-07-16 15:14:00.976 INFO: Epoch 6: loss=66.7924, RMSE_E_per_atom=858.7 meV, RMSE_F=8168.1 meV / A
2024-07-16 15:14:37.312 INFO: Epoch 8: loss=54.2578, RMSE_E_per_atom=1536.7 meV, RMSE_F=7349.9 meV / A
2024-07-16 15:15:13.640 INFO: Epoch 10: loss=21.1689, RMSE_E_per_atom=769.5 meV, RMSE_F=4594.5 meV / A
2024-07-16 15:15:49.982 INFO: Epoch 12: loss=30.7831, RMSE_E_per_atom=2199.2 meV, RMSE_F=5504.5 meV / A
2024-07-16 15:16:26.256 INFO: Epoch 14: loss=12.7260, RMSE_E_per_atom=782.2 meV, RMSE_F=3558.8 meV / A
2024-07-16 15:17:02.623 INFO: Epoch 16: loss=6.7093, RMSE_E_per_atom=649.1 meV, RMSE_F=2582.1 meV / A
2024-07-16 15:17:38.927 INFO: Epoch 18: loss=4.7117, RMSE_E_per_atom=63.7 meV, RMSE_F=2170.6 meV / A
2024-07-16 15:18:15.270 INFO: Epoch 20: loss=3.7659, RMSE_E_per_atom=164.4 meV, RMSE_F=1939.9 meV / A
2024-07-16 15:18:51.598 INFO: Epoch 22: loss=3.4591, RMSE_E_per_atom=158.7 meV, RMSE_F=1859.2 meV / A
2024-07-16 15:19:27.955 INFO: Epoch 24: loss=2.7767, RMSE_E_per_atom=44.8 meV, RMSE_F=1666.3 meV / A
2024-07-16 15:20:04.309 INFO: Epoch 26: loss=2.3565, RMSE_E_per_atom=164.9 meV, RMSE_F=1534.2 meV / A
2024-07-16 15:20:40.616 INFO: Epoch 28: loss=2.0945, RMSE_E_per_atom=77.1 meV, RMSE_F=1447.0 meV / A
2024-07-16 15:21:17.001 INFO: Epoch 30: loss=1.8918, RMSE_E_per_atom=40.2 meV, RMSE_F=1375.4 meV / A
2024-07-16 15:21:53.353 INFO: Epoch 32: loss=2.3327, RMSE_E_per_atom=42.8 meV, RMSE_F=1527.3 meV / A
2024-07-16 15:22:29.666 INFO: Epoch 34: loss=1.7234, RMSE_E_per_atom=44.5 meV, RMSE_F=1312.7 meV / A
2024-07-16 15:23:06.012 INFO: Epoch 36: loss=1.4980, RMSE_E_per_atom=530.8 meV, RMSE_F=1212.3 meV / A
2024-07-16 15:23:42.368 INFO: Epoch 38: loss=1.3197, RMSE_E_per_atom=116.6 meV, RMSE_F=1148.2 meV / A
2024-07-16 15:24:18.722 INFO: Epoch 40: loss=1.2079, RMSE_E_per_atom=47.0 meV, RMSE_F=1098.9 meV / A
2024-07-16 15:24:55.046 INFO: Epoch 42: loss=1.1187, RMSE_E_per_atom=27.9 meV, RMSE_F=1057.6 meV / A
2024-07-16 15:25:31.407 INFO: Epoch 44: loss=1.0508, RMSE_E_per_atom=265.7 meV, RMSE_F=1021.7 meV / A
2024-07-16 15:26:07.740 INFO: Epoch 46: loss=0.9715, RMSE_E_per_atom=34.9 meV, RMSE_F=985.6 meV / A
2024-07-16 15:26:44.503 INFO: Epoch 48: loss=0.9123, RMSE_E_per_atom=159.0 meV, RMSE_F=953.8 meV / A
2024-07-16 15:27:20.855 INFO: Epoch 50: loss=0.8603, RMSE_E_per_atom=95.7 meV, RMSE_F=927.0 meV / A
2024-07-16 15:27:57.159 INFO: Epoch 52: loss=0.8157, RMSE_E_per_atom=270.5 meV, RMSE_F=899.1 meV / A
2024-07-16 15:28:33.511 INFO: Epoch 54: loss=2.5888, RMSE_E_per_atom=1658.3 meV, RMSE_F=1521.1 meV / A
2024-07-16 15:29:09.789 INFO: Epoch 56: loss=1.4318, RMSE_E_per_atom=643.6 meV, RMSE_F=1179.2 meV / A
2024-07-16 15:29:46.029 INFO: Epoch 58: loss=0.9551, RMSE_E_per_atom=584.0 meV, RMSE_F=959.7 meV / A
2024-07-16 15:30:22.318 INFO: Epoch 60: loss=0.7967, RMSE_E_per_atom=560.7 meV, RMSE_F=874.8 meV / A
2024-07-16 15:30:58.684 INFO: Epoch 62: loss=0.7502, RMSE_E_per_atom=787.8 meV, RMSE_F=829.5 meV / A
2024-07-16 15:31:35.040 INFO: Epoch 64: loss=0.7015, RMSE_E_per_atom=738.2 meV, RMSE_F=804.4 meV / A
2024-07-16 15:32:11.366 INFO: Epoch 66: loss=0.7397, RMSE_E_per_atom=1171.3 meV, RMSE_F=776.2 meV / A
2024-07-16 15:32:47.690 INFO: Epoch 68: loss=0.6222, RMSE_E_per_atom=657.6 meV, RMSE_F=760.9 meV / A
2024-07-16 15:33:24.022 INFO: Epoch 70: loss=0.5890, RMSE_E_per_atom=567.3 meV, RMSE_F=746.2 meV / A
2024-07-16 15:34:00.370 INFO: Epoch 72: loss=0.5562, RMSE_E_per_atom=531.8 meV, RMSE_F=726.6 meV / A
2024-07-16 15:34:36.686 INFO: Epoch 74: loss=0.5227, RMSE_E_per_atom=339.3 meV, RMSE_F=714.9 meV / A
2024-07-16 15:35:13.015 INFO: Epoch 76: loss=0.4966, RMSE_E_per_atom=90.2 meV, RMSE_F=704.1 meV / A
2024-07-16 15:35:49.391 INFO: Epoch 78: loss=0.4861, RMSE_E_per_atom=187.2 meV, RMSE_F=694.7 meV / A
2024-07-16 15:36:25.757 INFO: Epoch 80: loss=0.4657, RMSE_E_per_atom=101.2 meV, RMSE_F=681.7 meV / A
2024-07-16 15:37:02.116 INFO: Epoch 82: loss=0.7201, RMSE_E_per_atom=421.9 meV, RMSE_F=838.0 meV / A
2024-07-16 15:37:38.419 INFO: Epoch 84: loss=1.3015, RMSE_E_per_atom=739.1 meV, RMSE_F=1116.6 meV / A
2024-07-16 15:38:14.752 INFO: Epoch 86: loss=0.6785, RMSE_E_per_atom=107.2 meV, RMSE_F=823.0 meV / A
2024-07-16 15:38:51.185 INFO: Epoch 88: loss=0.5621, RMSE_E_per_atom=578.3 meV, RMSE_F=727.1 meV / A
2024-07-16 15:39:27.439 INFO: Epoch 90: loss=0.5301, RMSE_E_per_atom=818.0 meV, RMSE_F=680.6 meV / A
2024-07-16 15:40:03.739 INFO: Epoch 92: loss=0.5520, RMSE_E_per_atom=1120.0 meV, RMSE_F=653.1 meV / A
2024-07-16 15:40:39.996 INFO: Epoch 94: loss=0.4571, RMSE_E_per_atom=745.0 meV, RMSE_F=633.7 meV / A
2024-07-16 15:41:16.321 INFO: Epoch 96: loss=0.4803, RMSE_E_per_atom=995.2 meV, RMSE_F=617.4 meV / A
2024-07-16 15:41:52.601 INFO: Epoch 98: loss=0.4037, RMSE_E_per_atom=608.9 meV, RMSE_F=605.5 meV / A
2024-07-16 15:42:28.993 INFO: Epoch 100: loss=0.4726, RMSE_E_per_atom=1090.7 meV, RMSE_F=594.6 meV / A
2024-07-16 15:43:05.290 INFO: Epoch 102: loss=0.3917, RMSE_E_per_atom=697.7 meV, RMSE_F=585.7 meV / A
2024-07-16 15:43:41.678 INFO: Epoch 104: loss=0.3706, RMSE_E_per_atom=603.4 meV, RMSE_F=578.1 meV / A
2024-07-16 15:44:18.006 INFO: Epoch 106: loss=0.3501, RMSE_E_per_atom=525.1 meV, RMSE_F=567.9 meV / A
2024-07-16 15:44:54.339 INFO: Epoch 108: loss=0.3336, RMSE_E_per_atom=431.2 meV, RMSE_F=561.2 meV / A
2024-07-16 15:45:30.708 INFO: Epoch 110: loss=0.3291, RMSE_E_per_atom=467.3 meV, RMSE_F=554.3 meV / A
2024-07-16 15:46:07.092 INFO: Epoch 112: loss=0.3133, RMSE_E_per_atom=333.3 meV, RMSE_F=549.7 meV / A
2024-07-16 15:46:43.407 INFO: Epoch 114: loss=0.3213, RMSE_E_per_atom=489.1 meV, RMSE_F=545.3 meV / A
2024-07-16 15:47:19.684 INFO: Epoch 116: loss=0.3093, RMSE_E_per_atom=480.8 meV, RMSE_F=535.0 meV / A
2024-07-16 15:47:56.046 INFO: Epoch 118: loss=0.3180, RMSE_E_per_atom=616.2 meV, RMSE_F=529.2 meV / A
2024-07-16 15:48:32.342 INFO: Epoch 120: loss=0.3020, RMSE_E_per_atom=531.9 meV, RMSE_F=523.1 meV / A
2024-07-16 15:49:08.653 INFO: Epoch 122: loss=0.2741, RMSE_E_per_atom=255.0 meV, RMSE_F=517.3 meV / A
2024-07-16 15:49:44.967 INFO: Epoch 124: loss=0.8901, RMSE_E_per_atom=582.7 meV, RMSE_F=925.3 meV / A
2024-07-16 15:50:21.244 INFO: Epoch 126: loss=1.2771, RMSE_E_per_atom=505.8 meV, RMSE_F=1118.7 meV / A
2024-07-16 15:50:57.505 INFO: Epoch 128: loss=0.9632, RMSE_E_per_atom=1878.3 meV, RMSE_F=781.3 meV / A
2024-07-16 15:51:33.756 INFO: Epoch 130: loss=0.6378, RMSE_E_per_atom=1237.9 meV, RMSE_F=696.1 meV / A
2024-07-16 15:52:10.039 INFO: Epoch 132: loss=0.7982, RMSE_E_per_atom=1916.8 meV, RMSE_F=656.4 meV / A
2024-07-16 15:52:46.324 INFO: Epoch 134: loss=0.8401, RMSE_E_per_atom=2103.6 meV, RMSE_F=630.6 meV / A
2024-07-16 15:53:22.607 INFO: Epoch 136: loss=0.5042, RMSE_E_per_atom=1158.1 meV, RMSE_F=608.3 meV / A
2024-07-16 15:53:59.082 INFO: Epoch 138: loss=0.3674, RMSE_E_per_atom=398.3 meV, RMSE_F=592.9 meV / A
2024-07-16 15:54:35.420 INFO: Epoch 140: loss=0.4069, RMSE_E_per_atom=827.6 meV, RMSE_F=581.8 meV / A
2024-07-16 15:55:11.684 INFO: Epoch 142: loss=0.3390, RMSE_E_per_atom=239.3 meV, RMSE_F=577.3 meV / A
2024-07-16 15:55:47.960 INFO: Epoch 144: loss=0.3395, RMSE_E_per_atom=462.0 meV, RMSE_F=564.0 meV / A
2024-07-16 15:56:24.237 INFO: Epoch 146: loss=0.4093, RMSE_E_per_atom=988.9 meV, RMSE_F=558.2 meV / A
2024-07-16 15:57:00.501 INFO: Epoch 148: loss=0.3655, RMSE_E_per_atom=786.0 meV, RMSE_F=551.1 meV / A
2024-07-16 15:57:36.853 INFO: Epoch 150: loss=0.3841, RMSE_E_per_atom=922.2 meV, RMSE_F=546.9 meV / A
2024-07-16 15:58:13.137 INFO: Epoch 152: loss=0.3560, RMSE_E_per_atom=785.5 meV, RMSE_F=542.5 meV / A
2024-07-16 15:58:49.420 INFO: Epoch 154: loss=0.3159, RMSE_E_per_atom=485.3 meV, RMSE_F=540.7 meV / A
2024-07-16 15:59:25.671 INFO: Epoch 156: loss=0.3572, RMSE_E_per_atom=829.5 meV, RMSE_F=537.0 meV / A
2024-07-16 16:00:01.978 INFO: Epoch 158: loss=0.2940, RMSE_E_per_atom=375.9 meV, RMSE_F=529.1 meV / A
2024-07-16 16:00:38.255 INFO: Epoch 160: loss=0.3470, RMSE_E_per_atom=843.7 meV, RMSE_F=525.2 meV / A
2024-07-16 16:01:14.554 INFO: Epoch 162: loss=0.2765, RMSE_E_per_atom=24.1 meV, RMSE_F=525.8 meV / A
2024-07-16 16:01:50.864 INFO: Epoch 164: loss=0.3086, RMSE_E_per_atom=598.5 meV, RMSE_F=522.3 meV / A
2024-07-16 16:02:27.165 INFO: Epoch 166: loss=0.2957, RMSE_E_per_atom=526.6 meV, RMSE_F=517.6 meV / A
2024-07-16 16:03:03.444 INFO: Epoch 168: loss=0.3085, RMSE_E_per_atom=650.1 meV, RMSE_F=516.0 meV / A
2024-07-16 16:03:39.723 INFO: Epoch 170: loss=0.2886, RMSE_E_per_atom=504.3 meV, RMSE_F=513.0 meV / A
2024-07-16 16:04:16.279 INFO: Epoch 172: loss=0.2668, RMSE_E_per_atom=134.2 meV, RMSE_F=514.8 meV / A
2024-07-16 16:04:52.612 INFO: Epoch 174: loss=0.2653, RMSE_E_per_atom=225.1 meV, RMSE_F=510.2 meV / A
2024-07-16 16:05:28.951 INFO: Epoch 176: loss=0.2786, RMSE_E_per_atom=472.7 meV, RMSE_F=506.2 meV / A
2024-07-16 16:06:05.272 INFO: Epoch 178: loss=0.2569, RMSE_E_per_atom=259.6 meV, RMSE_F=500.1 meV / A
2024-07-16 16:06:41.733 INFO: Epoch 180: loss=0.2581, RMSE_E_per_atom=285.5 meV, RMSE_F=499.9 meV / A
2024-07-16 16:07:18.024 INFO: Epoch 182: loss=0.3104, RMSE_E_per_atom=805.9 meV, RMSE_F=495.5 meV / A
2024-07-16 16:07:54.353 INFO: Epoch 184: loss=0.2521, RMSE_E_per_atom=242.2 meV, RMSE_F=496.2 meV / A
2024-07-16 16:08:30.904 INFO: Epoch 186: loss=0.3041, RMSE_E_per_atom=801.2 meV, RMSE_F=489.8 meV / A
2024-07-16 16:09:07.216 INFO: Epoch 188: loss=0.4879, RMSE_E_per_atom=531.0 meV, RMSE_F=678.0 meV / A
2024-07-16 16:09:43.497 INFO: Epoch 190: loss=0.3488, RMSE_E_per_atom=111.1 meV, RMSE_F=589.6 meV / A
2024-07-16 16:10:19.800 INFO: Epoch 192: loss=0.2728, RMSE_E_per_atom=14.4 meV, RMSE_F=522.3 meV / A
2024-07-16 16:10:56.094 INFO: Epoch 194: loss=0.2332, RMSE_E_per_atom=11.3 meV, RMSE_F=482.9 meV / A
2024-07-16 16:11:32.440 INFO: Epoch 196: loss=0.2384, RMSE_E_per_atom=496.1 meV, RMSE_F=462.3 meV / A
2024-07-16 16:12:10.099 INFO: Epoch 198: loss=0.2126, RMSE_E_per_atom=298.9 meV, RMSE_F=451.3 meV / A
2024-07-16 16:12:46.418 INFO: Epoch 200: loss=0.2092, RMSE_E_per_atom=393.2 meV, RMSE_F=440.1 meV / A
2024-07-16 16:13:22.765 INFO: Epoch 202: loss=0.2005, RMSE_E_per_atom=380.3 meV, RMSE_F=431.3 meV / A
2024-07-16 16:13:59.106 INFO: Epoch 204: loss=0.1933, RMSE_E_per_atom=358.1 meV, RMSE_F=424.9 meV / A
2024-07-16 16:14:35.422 INFO: Epoch 206: loss=0.1843, RMSE_E_per_atom=297.8 meV, RMSE_F=418.9 meV / A
2024-07-16 16:15:11.901 INFO: Epoch 208: loss=0.1840, RMSE_E_per_atom=352.3 meV, RMSE_F=414.2 meV / A
2024-07-16 16:15:48.237 INFO: Epoch 210: loss=0.1728, RMSE_E_per_atom=234.2 meV, RMSE_F=409.1 meV / A
2024-07-16 16:16:31.362 INFO: Epoch 212: loss=0.1756, RMSE_E_per_atom=343.0 meV, RMSE_F=404.8 meV / A
2024-07-16 16:17:13.613 INFO: Epoch 214: loss=0.1726, RMSE_E_per_atom=346.8 meV, RMSE_F=400.7 meV / A
2024-07-16 16:17:50.734 INFO: Epoch 216: loss=0.1688, RMSE_E_per_atom=332.2 meV, RMSE_F=397.2 meV / A
2024-07-16 16:18:27.084 INFO: Epoch 218: loss=0.1621, RMSE_E_per_atom=276.1 meV, RMSE_F=393.1 meV / A
2024-07-16 16:19:03.446 INFO: Epoch 220: loss=0.1630, RMSE_E_per_atom=337.0 meV, RMSE_F=389.4 meV / A
2024-07-16 16:19:41.340 INFO: Epoch 222: loss=0.1523, RMSE_E_per_atom=183.7 meV, RMSE_F=385.9 meV / A
2024-07-16 16:20:17.702 INFO: Epoch 224: loss=0.1483, RMSE_E_per_atom=133.7 meV, RMSE_F=382.7 meV / A
2024-07-16 16:20:54.393 INFO: Epoch 226: loss=0.1484, RMSE_E_per_atom=203.4 meV, RMSE_F=379.8 meV / A
2024-07-16 16:21:30.663 INFO: Epoch 228: loss=0.1562, RMSE_E_per_atom=369.7 meV, RMSE_F=377.5 meV / A
2024-07-16 16:22:06.967 INFO: Epoch 230: loss=0.1435, RMSE_E_per_atom=167.5 meV, RMSE_F=375.1 meV / A
2024-07-16 16:22:43.298 INFO: Epoch 232: loss=0.1374, RMSE_E_per_atom=70.0 meV, RMSE_F=370.0 meV / A
2024-07-16 16:23:19.670 INFO: Epoch 234: loss=0.1355, RMSE_E_per_atom=56.5 meV, RMSE_F=367.7 meV / A
2024-07-16 16:23:55.997 INFO: Epoch 236: loss=0.1398, RMSE_E_per_atom=249.4 meV, RMSE_F=365.4 meV / A
2024-07-16 16:24:32.244 INFO: Epoch 238: loss=0.1335, RMSE_E_per_atom=120.2 meV, RMSE_F=363.4 meV / A
2024-07-16 16:25:08.584 INFO: Epoch 240: loss=0.1346, RMSE_E_per_atom=193.5 meV, RMSE_F=361.8 meV / A
2024-07-16 16:25:44.900 INFO: Epoch 242: loss=0.1306, RMSE_E_per_atom=124.5 meV, RMSE_F=359.2 meV / A
2024-07-16 16:26:21.269 INFO: Epoch 244: loss=0.1317, RMSE_E_per_atom=196.3 meV, RMSE_F=357.6 meV / A
2024-07-16 16:26:57.576 INFO: Epoch 246: loss=2.9891, RMSE_E_per_atom=3146.2 meV, RMSE_F=1413.9 meV / A
2024-07-16 16:27:33.970 INFO: Epoch 248: loss=0.9587, RMSE_E_per_atom=1245.4 meV, RMSE_F=896.4 meV / A
2024-07-16 16:28:10.282 INFO: Epoch 250: loss=0.4311, RMSE_E_per_atom=494.6 meV, RMSE_F=637.7 meV / A
2024-07-16 16:28:46.598 INFO: Epoch 252: loss=0.3122, RMSE_E_per_atom=501.2 meV, RMSE_F=535.8 meV / A
2024-07-16 16:29:22.895 INFO: Epoch 254: loss=0.2855, RMSE_E_per_atom=713.2 meV, RMSE_F=484.4 meV / A
2024-07-16 16:29:59.225 INFO: Epoch 256: loss=0.2206, RMSE_E_per_atom=403.5 meV, RMSE_F=452.0 meV / A
2024-07-16 16:30:35.532 INFO: Epoch 258: loss=0.2482, RMSE_E_per_atom=802.8 meV, RMSE_F=428.7 meV / A
2024-07-16 16:31:11.836 INFO: Epoch 260: loss=0.2187, RMSE_E_per_atom=709.5 meV, RMSE_F=410.3 meV / A
2024-07-16 16:31:48.152 INFO: Epoch 262: loss=0.2180, RMSE_E_per_atom=769.4 meV, RMSE_F=398.5 meV / A
2024-07-16 16:32:24.471 INFO: Epoch 264: loss=0.2119, RMSE_E_per_atom=786.5 meV, RMSE_F=387.4 meV / A
2024-07-16 16:33:00.795 INFO: Epoch 266: loss=0.1627, RMSE_E_per_atom=441.6 meV, RMSE_F=378.4 meV / A
2024-07-16 16:33:37.177 INFO: Epoch 268: loss=0.1454, RMSE_E_per_atom=274.7 meV, RMSE_F=371.2 meV / A
2024-07-16 16:34:13.489 INFO: Epoch 270: loss=0.1652, RMSE_E_per_atom=563.7 meV, RMSE_F=365.3 meV / A
2024-07-16 16:34:49.741 INFO: Epoch 272: loss=0.1664, RMSE_E_per_atom=611.9 meV, RMSE_F=359.2 meV / A
2024-07-16 16:35:26.066 INFO: Epoch 274: loss=0.1659, RMSE_E_per_atom=638.1 meV, RMSE_F=353.8 meV / A
2024-07-16 16:36:02.357 INFO: Epoch 276: loss=0.1715, RMSE_E_per_atom=701.5 meV, RMSE_F=349.6 meV / A
2024-07-16 16:36:38.692 INFO: Epoch 278: loss=0.1662, RMSE_E_per_atom=681.2 meV, RMSE_F=346.1 meV / A
2024-07-16 16:37:15.044 INFO: Epoch 280: loss=0.1551, RMSE_E_per_atom=616.4 meV, RMSE_F=342.3 meV / A
2024-07-16 16:37:51.392 INFO: Epoch 282: loss=0.1732, RMSE_E_per_atom=763.6 meV, RMSE_F=338.9 meV / A
2024-07-16 16:38:27.726 INFO: Epoch 284: loss=0.1300, RMSE_E_per_atom=415.2 meV, RMSE_F=335.8 meV / A
2024-07-16 16:39:04.033 INFO: Epoch 286: loss=0.1411, RMSE_E_per_atom=549.0 meV, RMSE_F=333.1 meV / A
2024-07-16 16:39:40.289 INFO: Epoch 288: loss=0.1443, RMSE_E_per_atom=592.6 meV, RMSE_F=330.5 meV / A
2024-07-16 16:40:16.571 INFO: Epoch 290: loss=0.1534, RMSE_E_per_atom=676.3 meV, RMSE_F=328.1 meV / A
2024-07-16 16:40:52.862 INFO: Epoch 292: loss=0.1382, RMSE_E_per_atom=564.5 meV, RMSE_F=326.0 meV / A
2024-07-16 16:41:29.156 INFO: Epoch 294: loss=0.1484, RMSE_E_per_atom=659.4 meV, RMSE_F=323.9 meV / A
2024-07-16 16:42:05.435 INFO: Epoch 296: loss=0.1292, RMSE_E_per_atom=504.4 meV, RMSE_F=322.1 meV / A
2024-07-16 16:42:41.763 INFO: Epoch 298: loss=0.1453, RMSE_E_per_atom=656.5 meV, RMSE_F=319.7 meV / A
2024-07-16 16:43:18.060 INFO: Epoch 300: loss=0.1404, RMSE_E_per_atom=628.8 meV, RMSE_F=317.7 meV / A
2024-07-16 16:43:54.384 INFO: Epoch 302: loss=0.1489, RMSE_E_per_atom=699.2 meV, RMSE_F=316.3 meV / A
2024-07-16 16:44:30.639 INFO: Epoch 304: loss=0.1203, RMSE_E_per_atom=464.9 meV, RMSE_F=314.1 meV / A
2024-07-16 16:45:06.981 INFO: Epoch 306: loss=0.1289, RMSE_E_per_atom=558.1 meV, RMSE_F=312.7 meV / A
2024-07-16 16:45:43.275 INFO: Epoch 308: loss=0.1188, RMSE_E_per_atom=466.7 meV, RMSE_F=311.5 meV / A
2024-07-16 16:46:19.635 INFO: Epoch 310: loss=0.1193, RMSE_E_per_atom=479.0 meV, RMSE_F=310.4 meV / A
2024-07-16 16:46:55.927 INFO: Epoch 312: loss=0.1133, RMSE_E_per_atom=424.9 meV, RMSE_F=308.6 meV / A
2024-07-16 16:47:32.289 INFO: Epoch 314: loss=0.1219, RMSE_E_per_atom=525.6 meV, RMSE_F=307.0 meV / A
2024-07-16 16:48:08.600 INFO: Epoch 316: loss=0.1153, RMSE_E_per_atom=467.1 meV, RMSE_F=305.8 meV / A
2024-07-16 16:48:44.896 INFO: Epoch 318: loss=0.1244, RMSE_E_per_atom=564.3 meV, RMSE_F=304.2 meV / A
2024-07-16 16:49:21.202 INFO: Epoch 320: loss=0.1121, RMSE_E_per_atom=449.8 meV, RMSE_F=303.1 meV / A
2024-07-16 16:49:57.573 INFO: Epoch 322: loss=0.1014, RMSE_E_per_atom=326.8 meV, RMSE_F=301.2 meV / A
2024-07-16 16:50:33.971 INFO: Epoch 324: loss=0.0991, RMSE_E_per_atom=301.1 meV, RMSE_F=300.1 meV / A
2024-07-16 16:51:10.324 INFO: Epoch 326: loss=0.1116, RMSE_E_per_atom=468.3 meV, RMSE_F=299.4 meV / A
2024-07-16 16:51:46.663 INFO: Epoch 328: loss=0.1024, RMSE_E_per_atom=368.9 meV, RMSE_F=298.1 meV / A
2024-07-16 16:52:22.919 INFO: Epoch 330: loss=0.7878, RMSE_E_per_atom=1314.9 meV, RMSE_F=784.2 meV / A
2024-07-16 16:52:59.182 INFO: Epoch 332: loss=0.7098, RMSE_E_per_atom=449.8 meV, RMSE_F=830.4 meV / A
2024-07-16 16:53:35.459 INFO: Epoch 334: loss=0.5452, RMSE_E_per_atom=940.2 meV, RMSE_F=675.9 meV / A
2024-07-16 16:54:11.773 INFO: Epoch 336: loss=0.3729, RMSE_E_per_atom=946.1 meV, RMSE_F=532.3 meV / A
2024-07-16 16:54:48.049 INFO: Epoch 338: loss=0.2170, RMSE_E_per_atom=304.8 meV, RMSE_F=455.8 meV / A
2024-07-16 16:55:24.331 INFO: Epoch 340: loss=0.1932, RMSE_E_per_atom=468.2 meV, RMSE_F=413.9 meV / A
2024-07-16 16:56:00.634 INFO: Epoch 342: loss=0.2295, RMSE_E_per_atom=896.6 meV, RMSE_F=386.2 meV / A
2024-07-16 16:56:36.925 INFO: Epoch 344: loss=0.2382, RMSE_E_per_atom=1017.6 meV, RMSE_F=367.0 meV / A
2024-07-16 16:57:13.256 INFO: Epoch 346: loss=0.1477, RMSE_E_per_atom=501.3 meV, RMSE_F=350.1 meV / A
2024-07-16 16:57:49.577 INFO: Epoch 348: loss=0.1860, RMSE_E_per_atom=843.0 meV, RMSE_F=339.0 meV / A
2024-07-16 16:58:25.899 INFO: Epoch 350: loss=0.1414, RMSE_E_per_atom=572.4 meV, RMSE_F=329.7 meV / A
2024-07-16 16:59:02.199 INFO: Epoch 352: loss=0.1498, RMSE_E_per_atom=675.2 meV, RMSE_F=322.8 meV / A
2024-07-16 16:59:38.510 INFO: Epoch 354: loss=0.1543, RMSE_E_per_atom=739.4 meV, RMSE_F=315.7 meV / A
2024-07-16 17:00:14.809 INFO: Epoch 356: loss=0.1446, RMSE_E_per_atom=693.7 meV, RMSE_F=310.7 meV / A
2024-07-16 17:00:51.085 INFO: Epoch 358: loss=0.1472, RMSE_E_per_atom=733.1 meV, RMSE_F=305.7 meV / A
2024-07-16 17:01:27.361 INFO: Epoch 360: loss=0.1244, RMSE_E_per_atom=575.0 meV, RMSE_F=302.3 meV / A
2024-07-16 17:02:03.716 INFO: Epoch 362: loss=0.1280, RMSE_E_per_atom=622.8 meV, RMSE_F=298.7 meV / A
2024-07-16 17:02:40.022 INFO: Epoch 364: loss=0.1034, RMSE_E_per_atom=401.7 meV, RMSE_F=295.4 meV / A
2024-07-16 17:03:16.311 INFO: Epoch 366: loss=0.1140, RMSE_E_per_atom=533.9 meV, RMSE_F=292.4 meV / A
2024-07-16 17:03:52.591 INFO: Epoch 368: loss=0.1240, RMSE_E_per_atom=628.3 meV, RMSE_F=290.7 meV / A
2024-07-16 17:04:28.841 INFO: Epoch 370: loss=0.1252, RMSE_E_per_atom=648.2 meV, RMSE_F=288.3 meV / A
2024-07-16 17:05:05.140 INFO: Epoch 372: loss=0.1277, RMSE_E_per_atom=675.7 meV, RMSE_F=286.4 meV / A
2024-07-16 17:05:41.441 INFO: Epoch 374: loss=0.1168, RMSE_E_per_atom=598.0 meV, RMSE_F=284.6 meV / A
2024-07-16 17:06:17.718 INFO: Epoch 376: loss=0.0828, RMSE_E_per_atom=181.0 meV, RMSE_F=281.9 meV / A
2024-07-16 17:06:54.021 INFO: Epoch 378: loss=0.0785, RMSE_E_per_atom=57.9 meV, RMSE_F=279.5 meV / A
2024-07-16 17:07:30.362 INFO: Epoch 380: loss=0.0767, RMSE_E_per_atom=22.6 meV, RMSE_F=276.8 meV / A
2024-07-16 17:08:06.692 INFO: Epoch 382: loss=0.0773, RMSE_E_per_atom=134.0 meV, RMSE_F=274.8 meV / A
2024-07-16 17:08:42.971 INFO: Epoch 384: loss=0.0764, RMSE_E_per_atom=141.8 meV, RMSE_F=272.8 meV / A
2024-07-16 17:09:19.302 INFO: Epoch 386: loss=0.0813, RMSE_E_per_atom=282.1 meV, RMSE_F=270.8 meV / A
2024-07-16 17:09:55.586 INFO: Epoch 388: loss=0.0832, RMSE_E_per_atom=328.1 meV, RMSE_F=269.1 meV / A
2024-07-16 17:10:31.894 INFO: Epoch 390: loss=0.0915, RMSE_E_per_atom=445.6 meV, RMSE_F=267.7 meV / A
2024-07-16 17:11:08.185 INFO: Epoch 392: loss=0.0857, RMSE_E_per_atom=388.5 meV, RMSE_F=265.7 meV / A
2024-07-16 17:11:44.460 INFO: Epoch 394: loss=0.0904, RMSE_E_per_atom=452.7 meV, RMSE_F=264.5 meV / A
2024-07-16 17:12:20.705 INFO: Epoch 396: loss=0.0846, RMSE_E_per_atom=395.0 meV, RMSE_F=262.7 meV / A
2024-07-16 17:12:56.983 INFO: Epoch 398: loss=0.0889, RMSE_E_per_atom=452.8 meV, RMSE_F=261.4 meV / A
2024-07-16 17:13:33.263 INFO: Epoch 400: loss=0.0805, RMSE_E_per_atom=358.9 meV, RMSE_F=260.1 meV / A
2024-07-16 17:14:09.560 INFO: Epoch 402: loss=0.0847, RMSE_E_per_atom=419.9 meV, RMSE_F=259.0 meV / A
2024-07-16 17:14:45.860 INFO: Epoch 404: loss=0.0818, RMSE_E_per_atom=394.1 meV, RMSE_F=257.4 meV / A
2024-07-16 17:15:22.131 INFO: Epoch 406: loss=0.0902, RMSE_E_per_atom=494.8 meV, RMSE_F=256.4 meV / A
2024-07-16 17:15:58.402 INFO: Epoch 408: loss=0.0870, RMSE_E_per_atom=468.6 meV, RMSE_F=254.9 meV / A
2024-07-16 17:16:34.734 INFO: Epoch 410: loss=0.0851, RMSE_E_per_atom=454.8 meV, RMSE_F=253.8 meV / A
2024-07-16 17:17:11.010 INFO: Epoch 412: loss=0.0764, RMSE_E_per_atom=353.2 meV, RMSE_F=252.8 meV / A
2024-07-16 17:17:47.353 INFO: Epoch 414: loss=0.0755, RMSE_E_per_atom=344.9 meV, RMSE_F=252.1 meV / A
2024-07-16 17:18:23.679 INFO: Epoch 416: loss=0.0737, RMSE_E_per_atom=325.7 meV, RMSE_F=251.1 meV / A
2024-07-16 17:18:59.999 INFO: Epoch 418: loss=0.0806, RMSE_E_per_atom=424.0 meV, RMSE_F=250.3 meV / A
2024-07-16 17:19:36.270 INFO: Epoch 420: loss=0.0774, RMSE_E_per_atom=388.0 meV, RMSE_F=249.7 meV / A
2024-07-16 17:20:12.559 INFO: Epoch 422: loss=0.0787, RMSE_E_per_atom=412.7 meV, RMSE_F=248.3 meV / A
2024-07-16 17:20:48.859 INFO: Epoch 424: loss=0.0710, RMSE_E_per_atom=308.0 meV, RMSE_F=248.0 meV / A
2024-07-16 17:21:25.437 INFO: Epoch 426: loss=0.0759, RMSE_E_per_atom=388.7 meV, RMSE_F=246.6 meV / A
2024-07-16 17:22:10.251 INFO: Epoch 428: loss=0.0710, RMSE_E_per_atom=325.2 meV, RMSE_F=245.9 meV / A
2024-07-16 17:22:46.571 INFO: Epoch 430: loss=0.0742, RMSE_E_per_atom=374.5 meV, RMSE_F=245.3 meV / A
2024-07-16 17:23:22.859 INFO: Epoch 432: loss=0.0694, RMSE_E_per_atom=310.2 meV, RMSE_F=244.4 meV / A
2024-07-16 17:23:59.967 INFO: Epoch 434: loss=0.0688, RMSE_E_per_atom=310.0 meV, RMSE_F=243.3 meV / A
2024-07-16 17:24:36.372 INFO: Epoch 436: loss=0.0659, RMSE_E_per_atom=264.0 meV, RMSE_F=242.7 meV / A
2024-07-16 17:25:12.722 INFO: Epoch 438: loss=0.0722, RMSE_E_per_atom=367.7 meV, RMSE_F=242.2 meV / A
2024-07-16 17:25:49.031 INFO: Epoch 440: loss=0.0676, RMSE_E_per_atom=304.6 meV, RMSE_F=241.5 meV / A
2024-07-16 17:26:25.322 INFO: Epoch 442: loss=0.0693, RMSE_E_per_atom=337.4 meV, RMSE_F=240.7 meV / A
2024-07-16 17:27:01.615 INFO: Epoch 444: loss=0.0651, RMSE_E_per_atom=274.1 meV, RMSE_F=240.0 meV / A
2024-07-16 17:27:37.982 INFO: Epoch 446: loss=0.0690, RMSE_E_per_atom=342.3 meV, RMSE_F=239.4 meV / A
2024-07-16 17:28:14.295 INFO: Epoch 448: loss=0.0641, RMSE_E_per_atom=263.9 meV, RMSE_F=239.1 meV / A
2024-07-16 17:28:50.604 INFO: Epoch 450: loss=0.0648, RMSE_E_per_atom=282.7 meV, RMSE_F=238.3 meV / A
2024-07-16 17:29:26.881 INFO: Epoch 452: loss=0.0590, RMSE_E_per_atom=165.0 meV, RMSE_F=237.2 meV / A
2024-07-16 17:30:03.242 INFO: Epoch 454: loss=0.0597, RMSE_E_per_atom=188.1 meV, RMSE_F=237.1 meV / A
2024-07-16 17:30:39.559 INFO: Epoch 456: loss=0.0571, RMSE_E_per_atom=107.5 meV, RMSE_F=236.5 meV / A
2024-07-16 17:31:16.835 INFO: Epoch 458: loss=0.0595, RMSE_E_per_atom=202.4 meV, RMSE_F=235.5 meV / A
2024-07-16 17:31:53.220 INFO: Epoch 460: loss=0.0575, RMSE_E_per_atom=154.2 meV, RMSE_F=234.7 meV / A
2024-07-16 17:32:29.558 INFO: Epoch 462: loss=0.0614, RMSE_E_per_atom=254.0 meV, RMSE_F=234.3 meV / A
2024-07-16 17:33:05.930 INFO: Epoch 464: loss=0.0595, RMSE_E_per_atom=221.2 meV, RMSE_F=233.6 meV / A
2024-07-16 17:33:42.278 INFO: Epoch 466: loss=0.0611, RMSE_E_per_atom=258.0 meV, RMSE_F=233.3 meV / A
2024-07-16 17:34:18.634 INFO: Epoch 468: loss=0.0576, RMSE_E_per_atom=185.6 meV, RMSE_F=232.8 meV / A
2024-07-16 17:34:54.961 INFO: Epoch 470: loss=0.0600, RMSE_E_per_atom=250.2 meV, RMSE_F=231.8 meV / A
2024-07-16 17:35:31.298 INFO: Epoch 472: loss=0.0578, RMSE_E_per_atom=205.9 meV, RMSE_F=231.4 meV / A
2024-07-16 17:36:07.600 INFO: Epoch 474: loss=0.0597, RMSE_E_per_atom=252.6 meV, RMSE_F=231.0 meV / A
2024-07-16 17:36:43.934 INFO: Epoch 476: loss=0.0569, RMSE_E_per_atom=193.3 meV, RMSE_F=230.5 meV / A
2024-07-16 17:37:20.311 INFO: Epoch 478: loss=0.0595, RMSE_E_per_atom=259.3 meV, RMSE_F=229.6 meV / A
2024-07-16 17:37:56.648 INFO: Epoch 480: loss=0.0550, RMSE_E_per_atom=150.5 meV, RMSE_F=229.6 meV / A
2024-07-16 17:38:33.018 INFO: Epoch 482: loss=0.0570, RMSE_E_per_atom=217.7 meV, RMSE_F=228.5 meV / A
2024-07-16 17:39:09.379 INFO: Epoch 484: loss=0.0545, RMSE_E_per_atom=154.4 meV, RMSE_F=228.2 meV / A
2024-07-16 17:39:45.748 INFO: Epoch 486: loss=0.0569, RMSE_E_per_atom=225.8 meV, RMSE_F=227.6 meV / A
2024-07-16 17:40:22.102 INFO: Epoch 488: loss=0.0526, RMSE_E_per_atom=101.0 meV, RMSE_F=227.1 meV / A
2024-07-16 17:40:58.542 INFO: Epoch 490: loss=0.0537, RMSE_E_per_atom=151.3 meV, RMSE_F=226.8 meV / A
2024-07-16 17:41:34.911 INFO: Epoch 492: loss=0.0524, RMSE_E_per_atom=113.1 meV, RMSE_F=226.1 meV / A
2024-07-16 17:42:11.366 INFO: Epoch 494: loss=0.0542, RMSE_E_per_atom=179.5 meV, RMSE_F=225.8 meV / A
2024-07-16 17:42:47.730 INFO: Epoch 496: loss=0.0521, RMSE_E_per_atom=120.9 meV, RMSE_F=225.1 meV / A
2024-07-16 17:43:24.125 INFO: Epoch 498: loss=0.0538, RMSE_E_per_atom=180.2 meV, RMSE_F=224.9 meV / A
2024-07-16 17:44:00.453 INFO: Epoch 500: loss=0.0511, RMSE_E_per_atom=91.2 meV, RMSE_F=224.2 meV / A
2024-07-16 17:44:36.843 INFO: Epoch 502: loss=0.0519, RMSE_E_per_atom=131.3 meV, RMSE_F=224.0 meV / A
2024-07-16 17:45:15.596 INFO: Epoch 504: loss=0.0504, RMSE_E_per_atom=63.0 meV, RMSE_F=223.5 meV / A
2024-07-16 17:45:52.046 INFO: Epoch 506: loss=0.0516, RMSE_E_per_atom=140.4 meV, RMSE_F=222.8 meV / A
2024-07-16 17:46:28.392 INFO: Epoch 508: loss=0.0504, RMSE_E_per_atom=89.6 meV, RMSE_F=222.7 meV / A
2024-07-16 17:47:04.739 INFO: Epoch 510: loss=0.0514, RMSE_E_per_atom=146.4 meV, RMSE_F=221.9 meV / A
2024-07-16 17:47:41.046 INFO: Epoch 512: loss=0.0494, RMSE_E_per_atom=47.6 meV, RMSE_F=221.7 meV / A
2024-07-16 17:48:17.455 INFO: Epoch 514: loss=0.0507, RMSE_E_per_atom=134.5 meV, RMSE_F=221.2 meV / A
2024-07-16 17:48:53.840 INFO: Epoch 516: loss=0.0491, RMSE_E_per_atom=58.6 meV, RMSE_F=220.8 meV / A
2024-07-16 17:49:30.238 INFO: Epoch 518: loss=0.0489, RMSE_E_per_atom=59.6 meV, RMSE_F=220.3 meV / A
2024-07-16 17:50:06.624 INFO: Epoch 520: loss=0.0484, RMSE_E_per_atom=10.4 meV, RMSE_F=220.1 meV / A
2024-07-16 17:50:42.988 INFO: Epoch 522: loss=0.0486, RMSE_E_per_atom=69.8 meV, RMSE_F=219.4 meV / A
2024-07-16 17:51:19.321 INFO: Epoch 524: loss=0.0479, RMSE_E_per_atom=7.0 meV, RMSE_F=218.9 meV / A
2024-07-16 17:51:55.726 INFO: Epoch 526: loss=0.0484, RMSE_E_per_atom=67.5 meV, RMSE_F=218.9 meV / A
2024-07-16 17:52:32.051 INFO: Epoch 528: loss=0.0478, RMSE_E_per_atom=31.6 meV, RMSE_F=218.4 meV / A
2024-07-16 17:53:08.462 INFO: Epoch 530: loss=0.0477, RMSE_E_per_atom=48.7 meV, RMSE_F=217.9 meV / A
2024-07-16 17:53:44.869 INFO: Epoch 532: loss=0.0472, RMSE_E_per_atom=15.6 meV, RMSE_F=217.3 meV / A
2024-07-16 17:54:21.233 INFO: Epoch 534: loss=0.0472, RMSE_E_per_atom=45.8 meV, RMSE_F=216.9 meV / A
2024-07-16 17:54:57.592 INFO: Epoch 536: loss=0.0469, RMSE_E_per_atom=32.4 meV, RMSE_F=216.4 meV / A
2024-07-16 17:55:33.965 INFO: Epoch 538: loss=0.0471, RMSE_E_per_atom=58.8 meV, RMSE_F=216.2 meV / A
2024-07-16 17:56:10.289 INFO: Epoch 540: loss=0.0466, RMSE_E_per_atom=35.2 meV, RMSE_F=215.7 meV / A
2024-07-16 17:56:46.725 INFO: Epoch 542: loss=0.0464, RMSE_E_per_atom=16.9 meV, RMSE_F=215.4 meV / A
2024-07-16 17:57:23.129 INFO: Epoch 544: loss=0.0465, RMSE_E_per_atom=23.7 meV, RMSE_F=215.5 meV / A
2024-07-16 17:57:59.489 INFO: Epoch 546: loss=0.0465, RMSE_E_per_atom=58.8 meV, RMSE_F=214.9 meV / A
2024-07-16 17:58:35.814 INFO: Epoch 548: loss=0.0459, RMSE_E_per_atom=4.6 meV, RMSE_F=214.2 meV / A
2024-07-16 17:59:12.173 INFO: Epoch 550: loss=0.0461, RMSE_E_per_atom=66.1 meV, RMSE_F=213.7 meV / A
2024-07-16 17:59:48.608 INFO: Epoch 552: loss=0.0457, RMSE_E_per_atom=31.1 meV, RMSE_F=213.6 meV / A
2024-07-16 18:00:25.059 INFO: Epoch 554: loss=0.0455, RMSE_E_per_atom=26.3 meV, RMSE_F=213.2 meV / A
2024-07-16 18:01:01.525 INFO: Epoch 556: loss=0.0453, RMSE_E_per_atom=6.2 meV, RMSE_F=212.8 meV / A
2024-07-16 18:01:37.937 INFO: Epoch 558: loss=0.0451, RMSE_E_per_atom=36.7 meV, RMSE_F=212.2 meV / A
2024-07-16 18:02:14.317 INFO: Epoch 560: loss=0.0452, RMSE_E_per_atom=54.2 meV, RMSE_F=212.0 meV / A
2024-07-16 18:02:50.663 INFO: Epoch 562: loss=0.0447, RMSE_E_per_atom=5.8 meV, RMSE_F=211.5 meV / A
2024-07-16 18:03:27.040 INFO: Epoch 564: loss=0.0447, RMSE_E_per_atom=41.6 meV, RMSE_F=211.1 meV / A
2024-07-16 18:04:03.414 INFO: Epoch 566: loss=0.0443, RMSE_E_per_atom=8.0 meV, RMSE_F=210.6 meV / A
2024-07-16 18:04:39.813 INFO: Epoch 568: loss=0.0445, RMSE_E_per_atom=51.3 meV, RMSE_F=210.4 meV / A
2024-07-16 18:05:16.137 INFO: Epoch 570: loss=0.0441, RMSE_E_per_atom=4.8 meV, RMSE_F=210.0 meV / A
2024-07-16 18:05:52.511 INFO: Epoch 572: loss=0.0455, RMSE_E_per_atom=126.8 meV, RMSE_F=209.6 meV / A
2024-07-16 18:06:28.820 INFO: Epoch 574: loss=0.0441, RMSE_E_per_atom=52.2 meV, RMSE_F=209.3 meV / A
2024-07-16 18:07:05.277 INFO: Epoch 576: loss=0.0443, RMSE_E_per_atom=84.4 meV, RMSE_F=208.7 meV / A
2024-07-16 18:07:41.662 INFO: Epoch 578: loss=0.0436, RMSE_E_per_atom=24.0 meV, RMSE_F=208.6 meV / A
2024-07-16 18:08:18.046 INFO: Epoch 580: loss=0.0436, RMSE_E_per_atom=45.6 meV, RMSE_F=208.2 meV / A
2024-07-16 18:08:54.472 INFO: Epoch 582: loss=0.0433, RMSE_E_per_atom=22.9 meV, RMSE_F=208.0 meV / A
2024-07-16 18:09:30.877 INFO: Epoch 584: loss=0.0433, RMSE_E_per_atom=38.6 meV, RMSE_F=207.7 meV / A
2024-07-16 18:10:07.280 INFO: Epoch 586: loss=0.0430, RMSE_E_per_atom=29.7 meV, RMSE_F=207.2 meV / A
2024-07-16 18:10:43.825 INFO: Epoch 588: loss=0.0430, RMSE_E_per_atom=45.1 meV, RMSE_F=206.9 meV / A
2024-07-16 18:11:20.171 INFO: Epoch 590: loss=0.0428, RMSE_E_per_atom=12.4 meV, RMSE_F=206.7 meV / A
2024-07-16 18:11:56.586 INFO: Epoch 592: loss=0.0427, RMSE_E_per_atom=41.3 meV, RMSE_F=206.3 meV / A
2024-07-16 18:12:32.984 INFO: Epoch 594: loss=0.0425, RMSE_E_per_atom=27.6 meV, RMSE_F=205.9 meV / A
2024-07-16 18:13:09.406 INFO: Epoch 596: loss=0.0422, RMSE_E_per_atom=12.3 meV, RMSE_F=205.3 meV / A
2024-07-16 18:13:45.799 INFO: Epoch 598: loss=0.0421, RMSE_E_per_atom=11.4 meV, RMSE_F=205.1 meV / A
2024-07-16 18:14:22.168 INFO: Epoch 600: loss=0.0420, RMSE_E_per_atom=30.3 meV, RMSE_F=204.7 meV / A
2024-07-16 18:14:58.570 INFO: Epoch 602: loss=0.0418, RMSE_E_per_atom=13.6 meV, RMSE_F=204.5 meV / A
2024-07-16 18:15:34.935 INFO: Epoch 604: loss=0.0426, RMSE_E_per_atom=89.8 meV, RMSE_F=204.4 meV / A
2024-07-16 18:16:11.246 INFO: Epoch 606: loss=0.0416, RMSE_E_per_atom=28.0 meV, RMSE_F=203.7 meV / A
2024-07-16 18:16:47.671 INFO: Epoch 608: loss=0.0422, RMSE_E_per_atom=90.5 meV, RMSE_F=203.4 meV / A
2024-07-16 18:17:23.986 INFO: Epoch 610: loss=0.0414, RMSE_E_per_atom=24.7 meV, RMSE_F=203.2 meV / A
2024-07-16 18:18:00.428 INFO: Epoch 612: loss=0.0413, RMSE_E_per_atom=34.4 meV, RMSE_F=202.9 meV / A
2024-07-16 18:18:36.879 INFO: Epoch 614: loss=0.0411, RMSE_E_per_atom=14.9 meV, RMSE_F=202.6 meV / A
2024-07-16 18:19:13.301 INFO: Epoch 616: loss=0.0411, RMSE_E_per_atom=29.2 meV, RMSE_F=202.5 meV / A
2024-07-16 18:19:49.633 INFO: Epoch 618: loss=0.0407, RMSE_E_per_atom=6.6 meV, RMSE_F=201.9 meV / A
2024-07-16 18:20:26.044 INFO: Epoch 620: loss=0.0414, RMSE_E_per_atom=83.9 meV, RMSE_F=201.7 meV / A
2024-07-16 18:21:02.355 INFO: Epoch 622: loss=0.0406, RMSE_E_per_atom=5.0 meV, RMSE_F=201.5 meV / A
2024-07-16 18:21:38.766 INFO: Epoch 624: loss=0.0409, RMSE_E_per_atom=65.4 meV, RMSE_F=201.2 meV / A
2024-07-16 18:22:15.144 INFO: Epoch 626: loss=0.0404, RMSE_E_per_atom=18.4 meV, RMSE_F=201.0 meV / A
2024-07-16 18:22:51.537 INFO: Epoch 628: loss=0.0411, RMSE_E_per_atom=97.7 meV, RMSE_F=200.4 meV / A
2024-07-16 18:23:27.863 INFO: Epoch 630: loss=0.0404, RMSE_E_per_atom=54.6 meV, RMSE_F=200.4 meV / A
2024-07-16 18:24:04.195 INFO: Epoch 632: loss=0.0406, RMSE_E_per_atom=81.5 meV, RMSE_F=199.9 meV / A
2024-07-16 18:24:40.509 INFO: Epoch 634: loss=0.0399, RMSE_E_per_atom=29.2 meV, RMSE_F=199.4 meV / A
2024-07-16 18:25:16.939 INFO: Epoch 636: loss=0.0403, RMSE_E_per_atom=66.4 meV, RMSE_F=199.5 meV / A
2024-07-16 18:25:53.244 INFO: Epoch 638: loss=0.0396, RMSE_E_per_atom=15.5 meV, RMSE_F=198.9 meV / A
2024-07-16 18:26:29.656 INFO: Epoch 640: loss=0.0397, RMSE_E_per_atom=51.1 meV, RMSE_F=198.6 meV / A
2024-07-16 18:27:09.767 INFO: Epoch 642: loss=0.0395, RMSE_E_per_atom=20.1 meV, RMSE_F=198.6 meV / A
2024-07-16 18:27:46.232 INFO: Epoch 644: loss=0.0396, RMSE_E_per_atom=44.6 meV, RMSE_F=198.4 meV / A
2024-07-16 18:28:22.544 INFO: Epoch 646: loss=0.0392, RMSE_E_per_atom=8.7 meV, RMSE_F=197.9 meV / A
2024-07-16 18:28:58.957 INFO: Epoch 648: loss=0.0395, RMSE_E_per_atom=77.8 meV, RMSE_F=197.3 meV / A
2024-07-16 18:29:35.304 INFO: Epoch 650: loss=0.0392, RMSE_E_per_atom=51.8 meV, RMSE_F=197.4 meV / A
2024-07-16 18:30:11.627 INFO: Epoch 652: loss=0.0397, RMSE_E_per_atom=98.2 meV, RMSE_F=196.7 meV / A
2024-07-16 18:30:47.989 INFO: Epoch 654: loss=0.0389, RMSE_E_per_atom=50.8 meV, RMSE_F=196.7 meV / A
2024-07-16 18:31:24.393 INFO: Epoch 656: loss=0.0388, RMSE_E_per_atom=55.5 meV, RMSE_F=196.2 meV / A
2024-07-16 18:32:00.796 INFO: Epoch 658: loss=0.0385, RMSE_E_per_atom=7.8 meV, RMSE_F=196.1 meV / A
2024-07-16 18:32:37.495 INFO: Epoch 660: loss=0.0387, RMSE_E_per_atom=63.6 meV, RMSE_F=195.6 meV / A
2024-07-16 18:33:13.957 INFO: Epoch 662: loss=0.0384, RMSE_E_per_atom=31.7 meV, RMSE_F=195.7 meV / A
2024-07-16 18:33:50.357 INFO: Epoch 664: loss=0.0389, RMSE_E_per_atom=85.1 meV, RMSE_F=195.3 meV / A
2024-07-16 18:34:26.671 INFO: Epoch 666: loss=0.0384, RMSE_E_per_atom=48.8 meV, RMSE_F=195.3 meV / A
2024-07-16 18:35:03.101 INFO: Epoch 668: loss=0.0386, RMSE_E_per_atom=76.8 meV, RMSE_F=195.0 meV / A
2024-07-16 18:35:39.538 INFO: Epoch 670: loss=0.0380, RMSE_E_per_atom=23.2 meV, RMSE_F=194.8 meV / A
2024-07-16 18:36:25.928 INFO: Epoch 672: loss=0.0382, RMSE_E_per_atom=67.6 meV, RMSE_F=194.3 meV / A
2024-07-16 18:37:02.409 INFO: Epoch 674: loss=0.0377, RMSE_E_per_atom=17.6 meV, RMSE_F=194.1 meV / A
2024-07-16 18:37:39.113 INFO: Epoch 676: loss=0.0382, RMSE_E_per_atom=80.0 meV, RMSE_F=193.8 meV / A
2024-07-16 18:38:15.449 INFO: Epoch 678: loss=0.0375, RMSE_E_per_atom=23.9 meV, RMSE_F=193.4 meV / A
2024-07-16 18:38:51.837 INFO: Epoch 680: loss=0.0377, RMSE_E_per_atom=56.8 meV, RMSE_F=193.3 meV / A
2024-07-16 18:39:28.147 INFO: Epoch 682: loss=0.0373, RMSE_E_per_atom=12.6 meV, RMSE_F=193.0 meV / A
2024-07-16 18:40:04.550 INFO: Epoch 684: loss=0.0372, RMSE_E_per_atom=35.6 meV, RMSE_F=192.4 meV / A
2024-07-16 18:40:40.968 INFO: Epoch 686: loss=0.0370, RMSE_E_per_atom=14.8 meV, RMSE_F=192.3 meV / A
2024-07-16 18:41:17.330 INFO: Epoch 688: loss=0.0369, RMSE_E_per_atom=9.7 meV, RMSE_F=192.2 meV / A
2024-07-16 18:41:53.839 INFO: Epoch 690: loss=0.0369, RMSE_E_per_atom=19.2 meV, RMSE_F=191.9 meV / A
2024-07-16 18:42:30.289 INFO: Epoch 692: loss=0.0383, RMSE_E_per_atom=122.7 meV, RMSE_F=191.7 meV / A
2024-07-16 18:43:06.615 INFO: Epoch 694: loss=0.0367, RMSE_E_per_atom=22.5 meV, RMSE_F=191.3 meV / A
2024-07-16 18:43:42.977 INFO: Epoch 696: loss=0.0381, RMSE_E_per_atom=124.0 meV, RMSE_F=191.2 meV / A
2024-07-16 18:44:19.313 INFO: Epoch 698: loss=0.0376, RMSE_E_per_atom=104.4 meV, RMSE_F=191.1 meV / A
2024-07-16 18:44:55.632 INFO: Epoch 700: loss=0.0383, RMSE_E_per_atom=137.0 meV, RMSE_F=190.8 meV / A
2024-07-16 18:45:31.951 INFO: Epoch 702: loss=0.0367, RMSE_E_per_atom=67.8 meV, RMSE_F=190.5 meV / A
2024-07-16 18:46:08.281 INFO: Epoch 704: loss=0.0368, RMSE_E_per_atom=81.0 meV, RMSE_F=190.1 meV / A
2024-07-16 18:46:44.575 INFO: Epoch 706: loss=0.0361, RMSE_E_per_atom=12.3 meV, RMSE_F=190.1 meV / A
2024-07-16 18:47:20.970 INFO: Epoch 708: loss=0.0361, RMSE_E_per_atom=37.7 meV, RMSE_F=189.7 meV / A
2024-07-16 18:47:57.304 INFO: Epoch 710: loss=0.0359, RMSE_E_per_atom=14.0 meV, RMSE_F=189.4 meV / A
2024-07-16 18:48:33.702 INFO: Epoch 712: loss=0.0360, RMSE_E_per_atom=44.9 meV, RMSE_F=189.2 meV / A
2024-07-16 18:49:10.083 INFO: Epoch 714: loss=0.0357, RMSE_E_per_atom=24.4 meV, RMSE_F=188.8 meV / A
2024-07-16 18:49:46.446 INFO: Epoch 716: loss=0.0359, RMSE_E_per_atom=66.8 meV, RMSE_F=188.4 meV / A
2024-07-16 18:50:22.806 INFO: Epoch 718: loss=0.0356, RMSE_E_per_atom=21.3 meV, RMSE_F=188.5 meV / A
2024-07-16 18:50:59.174 INFO: Epoch 720: loss=0.0359, RMSE_E_per_atom=67.2 meV, RMSE_F=188.3 meV / A
2024-07-16 18:51:35.487 INFO: Epoch 722: loss=0.0354, RMSE_E_per_atom=8.0 meV, RMSE_F=188.2 meV / A
2024-07-16 18:52:11.942 INFO: Epoch 724: loss=0.0357, RMSE_E_per_atom=64.9 meV, RMSE_F=187.8 meV / A
2024-07-16 18:52:48.235 INFO: Epoch 726: loss=0.0353, RMSE_E_per_atom=31.5 meV, RMSE_F=187.7 meV / A
2024-07-16 18:53:24.617 INFO: Epoch 728: loss=0.0354, RMSE_E_per_atom=60.8 meV, RMSE_F=187.3 meV / A
2024-07-16 18:54:00.921 INFO: Epoch 730: loss=0.0350, RMSE_E_per_atom=27.5 meV, RMSE_F=186.8 meV / A
2024-07-16 18:54:37.303 INFO: Epoch 732: loss=0.0351, RMSE_E_per_atom=41.7 meV, RMSE_F=186.8 meV / A
2024-07-16 18:55:13.647 INFO: Epoch 734: loss=0.0348, RMSE_E_per_atom=7.7 meV, RMSE_F=186.6 meV / A
2024-07-16 18:55:50.095 INFO: Epoch 736: loss=0.0350, RMSE_E_per_atom=65.8 meV, RMSE_F=186.0 meV / A
2024-07-16 18:56:26.450 INFO: Epoch 738: loss=0.0347, RMSE_E_per_atom=10.7 meV, RMSE_F=186.3 meV / A
2024-07-16 18:57:02.894 INFO: Epoch 740: loss=0.0349, RMSE_E_per_atom=60.9 meV, RMSE_F=185.9 meV / A
2024-07-16 18:57:39.229 INFO: Epoch 742: loss=0.0346, RMSE_E_per_atom=31.2 meV, RMSE_F=185.8 meV / A
2024-07-16 18:58:15.733 INFO: Epoch 744: loss=0.0357, RMSE_E_per_atom=112.2 meV, RMSE_F=185.5 meV / A
2024-07-16 18:58:52.068 INFO: Epoch 746: loss=0.0346, RMSE_E_per_atom=63.0 meV, RMSE_F=185.0 meV / A
2024-07-16 18:59:28.394 INFO: Epoch 748: loss=0.0353, RMSE_E_per_atom=104.1 meV, RMSE_F=184.9 meV / A
2024-07-16 19:00:04.736 INFO: Epoch 750: loss=0.0346, RMSE_E_per_atom=71.1 meV, RMSE_F=184.5 meV / A
2024-07-16 19:00:41.513 INFO: Epoch 752: loss=0.0346, RMSE_E_per_atom=69.9 meV, RMSE_F=184.6 meV / A
2024-07-16 19:01:17.864 INFO: Epoch 754: loss=0.0341, RMSE_E_per_atom=36.0 meV, RMSE_F=184.2 meV / A
2024-07-16 19:01:54.295 INFO: Epoch 756: loss=0.0344, RMSE_E_per_atom=73.3 meV, RMSE_F=183.9 meV / A
2024-07-16 19:02:30.706 INFO: Epoch 758: loss=0.0340, RMSE_E_per_atom=40.6 meV, RMSE_F=184.0 meV / A
2024-07-16 19:03:07.113 INFO: Epoch 760: loss=0.0340, RMSE_E_per_atom=48.1 meV, RMSE_F=183.8 meV / A
2024-07-16 19:03:43.548 INFO: Epoch 762: loss=0.0338, RMSE_E_per_atom=40.3 meV, RMSE_F=183.5 meV / A
2024-07-16 19:04:19.903 INFO: Epoch 764: loss=0.0345, RMSE_E_per_atom=101.3 meV, RMSE_F=183.1 meV / A
2024-07-16 19:04:58.403 INFO: Epoch 766: loss=0.0336, RMSE_E_per_atom=6.1 meV, RMSE_F=183.3 meV / A
2024-07-16 19:05:34.817 INFO: Epoch 768: loss=0.0342, RMSE_E_per_atom=79.4 meV, RMSE_F=183.1 meV / A
2024-07-16 19:06:11.229 INFO: Epoch 770: loss=0.0334, RMSE_E_per_atom=14.0 meV, RMSE_F=182.7 meV / A
2024-07-16 19:06:47.660 INFO: Epoch 772: loss=0.0335, RMSE_E_per_atom=51.5 meV, RMSE_F=182.4 meV / A
2024-07-16 19:07:23.991 INFO: Epoch 774: loss=0.0334, RMSE_E_per_atom=39.6 meV, RMSE_F=182.3 meV / A
2024-07-16 19:08:00.405 INFO: Epoch 776: loss=0.0335, RMSE_E_per_atom=52.6 meV, RMSE_F=182.2 meV / A
2024-07-16 19:08:36.748 INFO: Epoch 778: loss=0.0332, RMSE_E_per_atom=26.3 meV, RMSE_F=182.0 meV / A
2024-07-16 19:09:13.190 INFO: Epoch 780: loss=0.0333, RMSE_E_per_atom=54.0 meV, RMSE_F=181.8 meV / A
2024-07-16 19:09:49.499 INFO: Epoch 782: loss=0.0332, RMSE_E_per_atom=48.3 meV, RMSE_F=181.7 meV / A
2024-07-16 19:10:25.832 INFO: Epoch 784: loss=0.0340, RMSE_E_per_atom=109.7 meV, RMSE_F=181.2 meV / A
2024-07-16 19:11:02.249 INFO: Epoch 786: loss=0.0329, RMSE_E_per_atom=31.9 meV, RMSE_F=181.1 meV / A
2024-07-16 19:11:38.679 INFO: Epoch 788: loss=0.0336, RMSE_E_per_atom=90.9 meV, RMSE_F=180.9 meV / A
2024-07-16 19:12:15.044 INFO: Epoch 790: loss=0.0328, RMSE_E_per_atom=49.2 meV, RMSE_F=180.5 meV / A
2024-07-16 19:12:51.463 INFO: Epoch 792: loss=0.0332, RMSE_E_per_atom=77.3 meV, RMSE_F=180.5 meV / A
2024-07-16 19:13:27.835 INFO: Epoch 794: loss=0.0325, RMSE_E_per_atom=10.6 meV, RMSE_F=180.2 meV / A
2024-07-16 19:14:04.206 INFO: Epoch 796: loss=0.0328, RMSE_E_per_atom=64.3 meV, RMSE_F=179.9 meV / A
2024-07-16 19:14:40.509 INFO: Epoch 798: loss=0.0324, RMSE_E_per_atom=16.8 meV, RMSE_F=180.0 meV / A
2024-07-16 19:15:16.880 INFO: Epoch 800: loss=0.0326, RMSE_E_per_atom=48.0 meV, RMSE_F=179.8 meV / A
2024-07-16 19:15:53.220 INFO: Epoch 802: loss=0.0323, RMSE_E_per_atom=15.0 meV, RMSE_F=179.5 meV / A
2024-07-16 19:16:29.584 INFO: Epoch 804: loss=0.0323, RMSE_E_per_atom=54.6 meV, RMSE_F=179.0 meV / A
2024-07-16 19:17:05.912 INFO: Epoch 806: loss=0.0322, RMSE_E_per_atom=39.0 meV, RMSE_F=179.1 meV / A
2024-07-16 19:17:42.319 INFO: Epoch 808: loss=0.0322, RMSE_E_per_atom=51.7 meV, RMSE_F=178.6 meV / A
2024-07-16 19:18:18.703 INFO: Epoch 810: loss=0.0320, RMSE_E_per_atom=18.6 meV, RMSE_F=178.8 meV / A
2024-07-16 19:18:55.082 INFO: Epoch 812: loss=0.0322, RMSE_E_per_atom=52.1 meV, RMSE_F=178.6 meV / A
2024-07-16 19:19:31.436 INFO: Epoch 814: loss=0.0322, RMSE_E_per_atom=51.8 meV, RMSE_F=178.6 meV / A
2024-07-16 19:20:07.765 INFO: Epoch 816: loss=0.0328, RMSE_E_per_atom=106.2 meV, RMSE_F=178.0 meV / A
2024-07-16 19:20:44.114 INFO: Epoch 818: loss=0.0320, RMSE_E_per_atom=55.3 meV, RMSE_F=177.9 meV / A
2024-07-16 19:21:20.533 INFO: Epoch 820: loss=0.0324, RMSE_E_per_atom=83.9 meV, RMSE_F=177.9 meV / A
2024-07-16 19:21:56.880 INFO: Epoch 822: loss=0.0319, RMSE_E_per_atom=51.0 meV, RMSE_F=177.8 meV / A
2024-07-16 19:22:33.328 INFO: Epoch 824: loss=0.0318, RMSE_E_per_atom=47.6 meV, RMSE_F=177.8 meV / A
2024-07-16 19:23:09.716 INFO: Epoch 826: loss=0.0317, RMSE_E_per_atom=49.1 meV, RMSE_F=177.3 meV / A
2024-07-16 19:23:46.081 INFO: Epoch 828: loss=0.0314, RMSE_E_per_atom=22.6 meV, RMSE_F=177.1 meV / A
2024-07-16 19:24:22.491 INFO: Epoch 830: loss=0.0313, RMSE_E_per_atom=10.1 meV, RMSE_F=176.9 meV / A
2024-07-16 19:24:58.983 INFO: Epoch 832: loss=0.0315, RMSE_E_per_atom=47.9 meV, RMSE_F=176.7 meV / A
2024-07-16 19:25:35.346 INFO: Epoch 834: loss=0.0311, RMSE_E_per_atom=6.4 meV, RMSE_F=176.4 meV / A
2024-07-16 19:26:11.787 INFO: Epoch 836: loss=0.0312, RMSE_E_per_atom=41.6 meV, RMSE_F=176.2 meV / A
2024-07-16 19:26:48.086 INFO: Epoch 838: loss=0.0310, RMSE_E_per_atom=12.7 meV, RMSE_F=176.0 meV / A
2024-07-16 19:27:24.570 INFO: Epoch 840: loss=0.0318, RMSE_E_per_atom=91.5 meV, RMSE_F=176.0 meV / A
2024-07-16 19:28:00.891 INFO: Epoch 842: loss=0.0310, RMSE_E_per_atom=23.4 meV, RMSE_F=175.8 meV / A
2024-07-16 19:28:37.304 INFO: Epoch 844: loss=0.0311, RMSE_E_per_atom=53.2 meV, RMSE_F=175.6 meV / A
2024-07-16 19:29:13.603 INFO: Epoch 846: loss=0.0309, RMSE_E_per_atom=5.9 meV, RMSE_F=175.7 meV / A
2024-07-16 19:29:50.021 INFO: Epoch 848: loss=0.0311, RMSE_E_per_atom=66.1 meV, RMSE_F=175.2 meV / A
2024-07-16 19:30:26.349 INFO: Epoch 850: loss=0.0307, RMSE_E_per_atom=3.6 meV, RMSE_F=175.3 meV / A
2024-07-16 19:31:02.725 INFO: Epoch 852: loss=0.0318, RMSE_E_per_atom=114.0 meV, RMSE_F=174.6 meV / A
2024-07-16 19:31:40.334 INFO: Epoch 854: loss=0.0314, RMSE_E_per_atom=92.3 meV, RMSE_F=174.8 meV / A
2024-07-16 19:32:16.645 INFO: Epoch 856: loss=0.0314, RMSE_E_per_atom=93.6 meV, RMSE_F=174.8 meV / A
2024-07-16 19:32:52.991 INFO: Epoch 858: loss=0.0304, RMSE_E_per_atom=28.2 meV, RMSE_F=174.2 meV / A
2024-07-16 19:33:29.565 INFO: Epoch 860: loss=0.0307, RMSE_E_per_atom=62.7 meV, RMSE_F=174.2 meV / A
2024-07-16 19:34:05.896 INFO: Epoch 862: loss=0.0303, RMSE_E_per_atom=5.1 meV, RMSE_F=174.0 meV / A
2024-07-16 19:34:42.292 INFO: Epoch 864: loss=0.0307, RMSE_E_per_atom=72.6 meV, RMSE_F=173.8 meV / A
2024-07-16 19:35:18.665 INFO: Epoch 866: loss=0.0303, RMSE_E_per_atom=28.0 meV, RMSE_F=173.8 meV / A
2024-07-16 19:35:56.214 INFO: Epoch 868: loss=0.0306, RMSE_E_per_atom=73.8 meV, RMSE_F=173.3 meV / A
2024-07-16 19:36:32.623 INFO: Epoch 870: loss=0.0300, RMSE_E_per_atom=7.6 meV, RMSE_F=173.3 meV / A
2024-07-16 19:37:09.007 INFO: Epoch 872: loss=0.0300, RMSE_E_per_atom=35.1 meV, RMSE_F=172.8 meV / A
2024-07-16 19:37:45.348 INFO: Epoch 874: loss=0.0298, RMSE_E_per_atom=3.2 meV, RMSE_F=172.7 meV / A
2024-07-16 19:38:21.768 INFO: Epoch 876: loss=0.0310, RMSE_E_per_atom=110.5 meV, RMSE_F=172.6 meV / A
2024-07-16 19:38:58.094 INFO: Epoch 878: loss=0.0298, RMSE_E_per_atom=8.3 meV, RMSE_F=172.7 meV / A
2024-07-16 19:39:34.496 INFO: Epoch 880: loss=0.0305, RMSE_E_per_atom=89.4 meV, RMSE_F=172.4 meV / A
2024-07-16 19:40:10.873 INFO: Epoch 882: loss=0.0296, RMSE_E_per_atom=9.6 meV, RMSE_F=172.1 meV / A
2024-07-16 19:40:47.232 INFO: Epoch 884: loss=0.0299, RMSE_E_per_atom=53.2 meV, RMSE_F=172.1 meV / A
2024-07-16 19:41:30.896 INFO: Epoch 886: loss=0.0297, RMSE_E_per_atom=34.2 meV, RMSE_F=171.9 meV / A
2024-07-16 19:42:07.265 INFO: Epoch 888: loss=0.0311, RMSE_E_per_atom=123.4 meV, RMSE_F=171.9 meV / A
2024-07-16 19:42:43.659 INFO: Epoch 890: loss=0.0296, RMSE_E_per_atom=23.9 meV, RMSE_F=171.9 meV / A
2024-07-16 19:43:20.302 INFO: Epoch 892: loss=0.0295, RMSE_E_per_atom=51.3 meV, RMSE_F=171.1 meV / A
2024-07-16 19:43:56.707 INFO: Epoch 894: loss=0.0293, RMSE_E_per_atom=33.7 meV, RMSE_F=171.0 meV / A
2024-07-16 19:44:33.116 INFO: Epoch 896: loss=0.0297, RMSE_E_per_atom=75.7 meV, RMSE_F=170.7 meV / A
2024-07-16 19:45:09.496 INFO: Epoch 898: loss=0.0293, RMSE_E_per_atom=4.7 meV, RMSE_F=171.1 meV / A
2024-07-16 19:45:45.870 INFO: Epoch 900: loss=0.0297, RMSE_E_per_atom=73.5 meV, RMSE_F=170.7 meV / A
2024-07-16 19:46:22.192 INFO: Epoch 902: loss=0.0296, RMSE_E_per_atom=76.8 meV, RMSE_F=170.3 meV / A
2024-07-16 19:46:58.546 INFO: Epoch 904: loss=0.0295, RMSE_E_per_atom=75.2 meV, RMSE_F=170.1 meV / A
2024-07-16 19:47:34.876 INFO: Epoch 906: loss=0.0290, RMSE_E_per_atom=20.5 meV, RMSE_F=170.2 meV / A
2024-07-16 19:48:11.397 INFO: Epoch 908: loss=0.0296, RMSE_E_per_atom=87.9 meV, RMSE_F=169.9 meV / A
2024-07-16 19:48:47.769 INFO: Epoch 910: loss=0.0289, RMSE_E_per_atom=3.2 meV, RMSE_F=169.9 meV / A
2024-07-16 19:49:24.129 INFO: Epoch 912: loss=0.0292, RMSE_E_per_atom=66.2 meV, RMSE_F=169.7 meV / A
2024-07-16 19:50:00.819 INFO: Epoch 914: loss=0.0295, RMSE_E_per_atom=93.7 meV, RMSE_F=169.2 meV / A
2024-07-16 19:50:37.134 INFO: Epoch 916: loss=0.0320, RMSE_E_per_atom=183.5 meV, RMSE_F=169.3 meV / A
2024-07-16 19:51:13.477 INFO: Epoch 918: loss=0.0307, RMSE_E_per_atom=144.6 meV, RMSE_F=169.2 meV / A
2024-07-16 19:51:49.802 INFO: Epoch 920: loss=0.0303, RMSE_E_per_atom=132.0 meV, RMSE_F=169.0 meV / A
2024-07-16 19:52:26.229 INFO: Epoch 922: loss=0.0293, RMSE_E_per_atom=83.1 meV, RMSE_F=169.0 meV / A
2024-07-16 19:53:02.823 INFO: Epoch 924: loss=0.0290, RMSE_E_per_atom=69.6 meV, RMSE_F=168.8 meV / A
2024-07-16 19:53:39.205 INFO: Epoch 926: loss=0.0285, RMSE_E_per_atom=27.2 meV, RMSE_F=168.7 meV / A
2024-07-16 19:54:15.632 INFO: Epoch 928: loss=0.0287, RMSE_E_per_atom=45.6 meV, RMSE_F=168.7 meV / A
2024-07-16 19:54:51.946 INFO: Epoch 930: loss=0.0285, RMSE_E_per_atom=16.4 meV, RMSE_F=168.6 meV / A
2024-07-16 19:55:28.319 INFO: Epoch 932: loss=0.0286, RMSE_E_per_atom=57.8 meV, RMSE_F=168.3 meV / A
2024-07-16 19:56:04.698 INFO: Epoch 934: loss=0.0283, RMSE_E_per_atom=4.4 meV, RMSE_F=168.3 meV / A
2024-07-16 19:56:41.156 INFO: Epoch 936: loss=0.0290, RMSE_E_per_atom=78.5 meV, RMSE_F=168.4 meV / A
2024-07-16 19:57:17.516 INFO: Epoch 938: loss=0.0285, RMSE_E_per_atom=52.4 meV, RMSE_F=168.0 meV / A
2024-07-16 19:57:53.844 INFO: Epoch 940: loss=0.0297, RMSE_E_per_atom=126.5 meV, RMSE_F=167.5 meV / A
2024-07-16 19:58:30.419 INFO: Epoch 942: loss=0.0293, RMSE_E_per_atom=112.3 meV, RMSE_F=167.3 meV / A
2024-07-16 19:59:06.758 INFO: Epoch 944: loss=0.0299, RMSE_E_per_atom=140.6 meV, RMSE_F=167.0 meV / A
2024-07-16 19:59:43.056 INFO: Epoch 946: loss=0.0285, RMSE_E_per_atom=80.4 meV, RMSE_F=166.8 meV / A
2024-07-16 20:00:19.411 INFO: Epoch 948: loss=0.0298, RMSE_E_per_atom=139.8 meV, RMSE_F=166.7 meV / A
2024-07-16 20:00:55.748 INFO: Epoch 950: loss=0.0289, RMSE_E_per_atom=109.5 meV, RMSE_F=166.4 meV / A
2024-07-16 20:01:32.089 INFO: Epoch 952: loss=0.0286, RMSE_E_per_atom=89.7 meV, RMSE_F=166.7 meV / A
2024-07-16 20:02:08.391 INFO: Epoch 954: loss=0.0278, RMSE_E_per_atom=10.0 meV, RMSE_F=166.7 meV / A
2024-07-16 20:02:44.775 INFO: Epoch 956: loss=0.0279, RMSE_E_per_atom=48.5 meV, RMSE_F=166.4 meV / A
2024-07-16 20:03:21.091 INFO: Epoch 958: loss=0.0278, RMSE_E_per_atom=29.9 meV, RMSE_F=166.6 meV / A
2024-07-16 20:03:57.419 INFO: Epoch 960: loss=0.0279, RMSE_E_per_atom=56.8 meV, RMSE_F=166.0 meV / A
2024-07-16 20:04:34.210 INFO: Epoch 962: loss=0.0276, RMSE_E_per_atom=8.4 meV, RMSE_F=166.0 meV / A
2024-07-16 20:05:10.574 INFO: Epoch 964: loss=0.0276, RMSE_E_per_atom=31.7 meV, RMSE_F=165.8 meV / A
2024-07-16 20:05:46.874 INFO: Epoch 966: loss=0.0273, RMSE_E_per_atom=13.0 meV, RMSE_F=165.3 meV / A
2024-07-16 20:06:23.292 INFO: Epoch 968: loss=0.0276, RMSE_E_per_atom=50.2 meV, RMSE_F=165.5 meV / A
2024-07-16 20:06:59.678 INFO: Epoch 970: loss=0.0274, RMSE_E_per_atom=37.5 meV, RMSE_F=165.2 meV / A
2024-07-16 20:07:36.023 INFO: Epoch 972: loss=0.0279, RMSE_E_per_atom=76.1 meV, RMSE_F=165.3 meV / A
2024-07-16 20:08:12.342 INFO: Epoch 974: loss=0.0274, RMSE_E_per_atom=18.9 meV, RMSE_F=165.3 meV / A
2024-07-16 20:08:48.872 INFO: Epoch 976: loss=0.0279, RMSE_E_per_atom=83.6 meV, RMSE_F=164.8 meV / A
2024-07-16 20:09:25.228 INFO: Epoch 978: loss=0.0284, RMSE_E_per_atom=105.9 meV, RMSE_F=165.1 meV / A
2024-07-16 20:10:01.707 INFO: Epoch 980: loss=0.0291, RMSE_E_per_atom=140.4 meV, RMSE_F=164.6 meV / A
2024-07-16 20:10:39.078 INFO: Epoch 982: loss=0.0290, RMSE_E_per_atom=137.5 meV, RMSE_F=164.7 meV / A
2024-07-16 20:11:15.405 INFO: Epoch 984: loss=0.0312, RMSE_E_per_atom=205.3 meV, RMSE_F=164.2 meV / A
2024-07-16 20:11:51.724 INFO: Epoch 986: loss=0.0279, RMSE_E_per_atom=100.8 meV, RMSE_F=163.8 meV / A
2024-07-16 20:12:28.072 INFO: Epoch 988: loss=0.0279, RMSE_E_per_atom=104.8 meV, RMSE_F=163.8 meV / A
2024-07-16 20:13:04.383 INFO: Epoch 990: loss=0.0270, RMSE_E_per_atom=47.0 meV, RMSE_F=163.8 meV / A
2024-07-16 20:13:40.849 INFO: Epoch 992: loss=0.0278, RMSE_E_per_atom=104.5 meV, RMSE_F=163.4 meV / A
2024-07-16 20:14:17.206 INFO: Epoch 994: loss=0.0267, RMSE_E_per_atom=14.1 meV, RMSE_F=163.4 meV / A
2024-07-16 20:14:53.656 INFO: Epoch 996: loss=0.0272, RMSE_E_per_atom=65.7 meV, RMSE_F=163.6 meV / A
2024-07-16 20:15:29.988 INFO: Epoch 998: loss=0.0270, RMSE_E_per_atom=8.6 meV, RMSE_F=164.2 meV / A
2024-07-16 20:16:06.340 INFO: Epoch 1000: loss=0.0270, RMSE_E_per_atom=47.3 meV, RMSE_F=163.6 meV / A
2024-07-16 20:16:42.724 INFO: Epoch 1002: loss=0.0266, RMSE_E_per_atom=9.7 meV, RMSE_F=162.9 meV / A
2024-07-16 20:17:19.139 INFO: Epoch 1004: loss=0.0266, RMSE_E_per_atom=17.8 meV, RMSE_F=163.1 meV / A
2024-07-16 20:17:55.494 INFO: Epoch 1006: loss=0.0267, RMSE_E_per_atom=2.9 meV, RMSE_F=163.3 meV / A
2024-07-16 20:18:31.826 INFO: Epoch 1008: loss=0.0271, RMSE_E_per_atom=81.5 meV, RMSE_F=162.6 meV / A
2024-07-16 20:19:08.192 INFO: Epoch 1010: loss=0.0270, RMSE_E_per_atom=78.6 meV, RMSE_F=162.3 meV / A
2024-07-16 20:19:44.588 INFO: Epoch 1012: loss=0.0274, RMSE_E_per_atom=97.7 meV, RMSE_F=162.5 meV / A
2024-07-16 20:20:20.922 INFO: Epoch 1014: loss=0.0265, RMSE_E_per_atom=20.1 meV, RMSE_F=162.6 meV / A
2024-07-16 20:20:57.412 INFO: Epoch 1016: loss=0.0270, RMSE_E_per_atom=82.5 meV, RMSE_F=162.2 meV / A
2024-07-16 20:21:33.768 INFO: Epoch 1018: loss=0.0265, RMSE_E_per_atom=41.3 meV, RMSE_F=162.2 meV / A
2024-07-16 20:22:10.157 INFO: Epoch 1020: loss=0.0264, RMSE_E_per_atom=19.1 meV, RMSE_F=162.2 meV / A
2024-07-16 20:22:46.530 INFO: Epoch 1022: loss=0.0262, RMSE_E_per_atom=17.4 meV, RMSE_F=161.7 meV / A
2024-07-16 20:23:22.907 INFO: Epoch 1024: loss=0.0267, RMSE_E_per_atom=81.9 meV, RMSE_F=161.4 meV / A
2024-07-16 20:23:59.248 INFO: Epoch 1026: loss=0.0261, RMSE_E_per_atom=27.7 meV, RMSE_F=161.4 meV / A
2024-07-16 20:24:35.627 INFO: Epoch 1028: loss=0.0270, RMSE_E_per_atom=98.5 meV, RMSE_F=161.2 meV / A
2024-07-16 20:25:11.941 INFO: Epoch 1030: loss=0.0263, RMSE_E_per_atom=65.4 meV, RMSE_F=160.8 meV / A
2024-07-16 20:25:48.316 INFO: Epoch 1032: loss=0.0278, RMSE_E_per_atom=142.2 meV, RMSE_F=160.7 meV / A
2024-07-16 20:26:24.644 INFO: Epoch 1034: loss=0.0262, RMSE_E_per_atom=67.4 meV, RMSE_F=160.6 meV / A
2024-07-16 20:27:00.963 INFO: Epoch 1036: loss=0.0274, RMSE_E_per_atom=127.8 meV, RMSE_F=160.5 meV / A
2024-07-16 20:27:37.316 INFO: Epoch 1038: loss=0.0272, RMSE_E_per_atom=121.5 meV, RMSE_F=160.4 meV / A
2024-07-16 20:28:13.654 INFO: Epoch 1040: loss=0.0271, RMSE_E_per_atom=117.2 meV, RMSE_F=160.4 meV / A
2024-07-16 20:28:50.038 INFO: Epoch 1042: loss=0.0261, RMSE_E_per_atom=58.9 meV, RMSE_F=160.5 meV / A
2024-07-16 20:29:26.446 INFO: Epoch 1044: loss=0.0257, RMSE_E_per_atom=44.5 meV, RMSE_F=159.8 meV / A
2024-07-16 20:30:02.820 INFO: Epoch 1046: loss=0.0258, RMSE_E_per_atom=48.1 meV, RMSE_F=160.0 meV / A
2024-07-16 20:30:39.144 INFO: Epoch 1048: loss=0.0286, RMSE_E_per_atom=173.4 meV, RMSE_F=159.9 meV / A
2024-07-16 20:31:15.526 INFO: Epoch 1050: loss=0.0260, RMSE_E_per_atom=74.4 meV, RMSE_F=159.6 meV / A
2024-07-16 20:31:51.856 INFO: Epoch 1052: loss=0.0262, RMSE_E_per_atom=87.6 meV, RMSE_F=159.4 meV / A
2024-07-16 20:32:28.189 INFO: Epoch 1054: loss=0.0254, RMSE_E_per_atom=36.8 meV, RMSE_F=159.1 meV / A
2024-07-16 20:33:04.559 INFO: Epoch 1056: loss=0.0268, RMSE_E_per_atom=121.7 meV, RMSE_F=159.0 meV / A
2024-07-16 20:33:40.888 INFO: Epoch 1058: loss=0.0255, RMSE_E_per_atom=42.0 meV, RMSE_F=159.1 meV / A
2024-07-16 20:34:17.200 INFO: Epoch 1060: loss=0.0270, RMSE_E_per_atom=131.5 meV, RMSE_F=158.9 meV / A
2024-07-16 20:34:53.507 INFO: Epoch 1062: loss=0.0262, RMSE_E_per_atom=102.7 meV, RMSE_F=158.6 meV / A
2024-07-16 20:35:29.884 INFO: Epoch 1064: loss=0.0256, RMSE_E_per_atom=65.1 meV, RMSE_F=158.6 meV / A
2024-07-16 20:36:06.662 INFO: Epoch 1066: loss=0.0252, RMSE_E_per_atom=6.9 meV, RMSE_F=158.8 meV / A
2024-07-16 20:36:44.211 INFO: Epoch 1068: loss=0.0263, RMSE_E_per_atom=104.2 meV, RMSE_F=158.7 meV / A
2024-07-16 20:37:20.544 INFO: Epoch 1070: loss=0.0258, RMSE_E_per_atom=78.3 meV, RMSE_F=158.7 meV / A
2024-07-16 20:37:57.011 INFO: Epoch 1072: loss=0.0267, RMSE_E_per_atom=127.2 meV, RMSE_F=158.3 meV / A
2024-07-16 20:38:33.419 INFO: Epoch 1074: loss=0.0252, RMSE_E_per_atom=37.7 meV, RMSE_F=158.2 meV / A
2024-07-16 20:39:10.005 INFO: Epoch 1076: loss=0.0250, RMSE_E_per_atom=26.3 meV, RMSE_F=158.0 meV / A
2024-07-16 20:39:46.471 INFO: Epoch 1078: loss=0.0249, RMSE_E_per_atom=21.4 meV, RMSE_F=157.7 meV / A
2024-07-16 20:40:22.857 INFO: Epoch 1080: loss=0.0264, RMSE_E_per_atom=125.4 meV, RMSE_F=157.5 meV / A
2024-07-16 20:40:59.191 INFO: Epoch 1082: loss=0.0249, RMSE_E_per_atom=29.3 meV, RMSE_F=157.6 meV / A
2024-07-16 20:41:35.592 INFO: Epoch 1084: loss=0.0256, RMSE_E_per_atom=84.3 meV, RMSE_F=157.8 meV / A
2024-07-16 20:42:11.925 INFO: Epoch 1086: loss=0.0252, RMSE_E_per_atom=51.7 meV, RMSE_F=157.8 meV / A
2024-07-16 20:42:48.228 INFO: Epoch 1088: loss=0.0249, RMSE_E_per_atom=19.1 meV, RMSE_F=157.6 meV / A
2024-07-16 20:43:24.637 INFO: Epoch 1090: loss=0.0248, RMSE_E_per_atom=29.4 meV, RMSE_F=157.1 meV / A
2024-07-16 20:44:01.073 INFO: Epoch 1092: loss=0.0250, RMSE_E_per_atom=60.8 meV, RMSE_F=157.1 meV / A
2024-07-16 20:44:37.418 INFO: Epoch 1094: loss=0.0249, RMSE_E_per_atom=16.4 meV, RMSE_F=157.6 meV / A
2024-07-16 20:45:13.718 INFO: Epoch 1096: loss=0.0253, RMSE_E_per_atom=80.0 meV, RMSE_F=157.0 meV / A
2024-07-16 20:45:50.039 INFO: Epoch 1098: loss=0.0246, RMSE_E_per_atom=4.1 meV, RMSE_F=156.9 meV / A
2024-07-16 20:46:33.598 INFO: Epoch 1100: loss=0.0247, RMSE_E_per_atom=46.1 meV, RMSE_F=156.5 meV / A
2024-07-16 20:47:09.994 INFO: Epoch 1102: loss=0.0246, RMSE_E_per_atom=28.4 meV, RMSE_F=156.5 meV / A
2024-07-16 20:47:46.622 INFO: Epoch 1104: loss=0.0259, RMSE_E_per_atom=125.2 meV, RMSE_F=156.1 meV / A
2024-07-16 20:48:23.351 INFO: Epoch 1106: loss=0.0247, RMSE_E_per_atom=67.4 meV, RMSE_F=155.9 meV / A
2024-07-16 20:48:59.661 INFO: Epoch 1108: loss=0.0256, RMSE_E_per_atom=115.9 meV, RMSE_F=155.8 meV / A
2024-07-16 20:49:36.084 INFO: Epoch 1110: loss=0.0244, RMSE_E_per_atom=23.3 meV, RMSE_F=156.0 meV / A
2024-07-16 20:50:12.633 INFO: Epoch 1112: loss=0.0245, RMSE_E_per_atom=2.9 meV, RMSE_F=156.5 meV / A
2024-07-16 20:50:48.926 INFO: Epoch 1114: loss=0.0243, RMSE_E_per_atom=7.9 meV, RMSE_F=155.9 meV / A
2024-07-16 20:51:25.325 INFO: Epoch 1116: loss=0.0251, RMSE_E_per_atom=95.1 meV, RMSE_F=155.7 meV / A
2024-07-16 20:52:01.640 INFO: Epoch 1118: loss=0.0248, RMSE_E_per_atom=78.0 meV, RMSE_F=155.4 meV / A
2024-07-16 20:52:38.003 INFO: Epoch 1120: loss=0.0272, RMSE_E_per_atom=173.4 meV, RMSE_F=155.4 meV / A
2024-07-16 20:53:14.305 INFO: Epoch 1122: loss=0.0241, RMSE_E_per_atom=34.4 meV, RMSE_F=154.7 meV / A
2024-07-16 20:53:50.681 INFO: Epoch 1124: loss=0.0251, RMSE_E_per_atom=98.3 meV, RMSE_F=155.3 meV / A
2024-07-16 20:53:50.681 INFO: Changing loss based on SWA
2024-07-16 20:54:27.406 INFO: Epoch 1126: loss=0.0251, RMSE_E_per_atom=9.0 meV, RMSE_F=158.5 meV / A
2024-07-16 20:55:03.806 INFO: Epoch 1128: loss=0.0249, RMSE_E_per_atom=24.3 meV, RMSE_F=157.6 meV / A
2024-07-16 20:55:40.203 INFO: Epoch 1130: loss=0.0240, RMSE_E_per_atom=3.0 meV, RMSE_F=154.8 meV / A
2024-07-16 20:56:16.571 INFO: Epoch 1132: loss=0.0235, RMSE_E_per_atom=5.2 meV, RMSE_F=153.3 meV / A
2024-07-16 20:56:52.946 INFO: Epoch 1134: loss=0.0233, RMSE_E_per_atom=3.1 meV, RMSE_F=152.5 meV / A
2024-07-16 20:57:29.326 INFO: Epoch 1136: loss=0.0229, RMSE_E_per_atom=2.7 meV, RMSE_F=151.4 meV / A
2024-07-16 20:58:05.720 INFO: Epoch 1138: loss=0.0228, RMSE_E_per_atom=12.2 meV, RMSE_F=151.0 meV / A
2024-07-16 20:58:42.106 INFO: Epoch 1140: loss=0.0226, RMSE_E_per_atom=5.1 meV, RMSE_F=150.2 meV / A
2024-07-16 20:59:18.492 INFO: Epoch 1142: loss=0.0224, RMSE_E_per_atom=18.2 meV, RMSE_F=149.4 meV / A
2024-07-16 20:59:54.870 INFO: Epoch 1144: loss=0.0222, RMSE_E_per_atom=6.1 meV, RMSE_F=149.1 meV / A
2024-07-16 21:00:31.508 INFO: Epoch 1146: loss=0.0220, RMSE_E_per_atom=3.5 meV, RMSE_F=148.4 meV / A
2024-07-16 21:01:07.928 INFO: Epoch 1148: loss=0.0218, RMSE_E_per_atom=8.8 meV, RMSE_F=147.8 meV / A
2024-07-16 21:01:44.267 INFO: Epoch 1150: loss=0.0217, RMSE_E_per_atom=7.1 meV, RMSE_F=147.2 meV / A
2024-07-16 21:02:20.696 INFO: Epoch 1152: loss=0.0216, RMSE_E_per_atom=12.9 meV, RMSE_F=147.0 meV / A
2024-07-16 21:02:57.404 INFO: Epoch 1154: loss=0.0215, RMSE_E_per_atom=28.1 meV, RMSE_F=146.3 meV / A
2024-07-16 21:03:33.856 INFO: Epoch 1156: loss=0.0213, RMSE_E_per_atom=11.8 meV, RMSE_F=145.8 meV / A
2024-07-16 21:04:10.228 INFO: Epoch 1158: loss=0.0212, RMSE_E_per_atom=13.4 meV, RMSE_F=145.5 meV / A
2024-07-16 21:04:46.676 INFO: Epoch 1160: loss=0.0211, RMSE_E_per_atom=7.4 meV, RMSE_F=145.3 meV / A
2024-07-16 21:05:23.062 INFO: Epoch 1162: loss=0.0209, RMSE_E_per_atom=16.8 meV, RMSE_F=144.6 meV / A
2024-07-16 21:05:59.490 INFO: Epoch 1164: loss=0.0209, RMSE_E_per_atom=7.5 meV, RMSE_F=144.4 meV / A
2024-07-16 21:06:35.845 INFO: Epoch 1166: loss=0.0208, RMSE_E_per_atom=15.3 meV, RMSE_F=144.1 meV / A
2024-07-16 21:07:12.270 INFO: Epoch 1168: loss=0.0206, RMSE_E_per_atom=9.5 meV, RMSE_F=143.5 meV / A
2024-07-16 21:07:48.651 INFO: Epoch 1170: loss=0.0205, RMSE_E_per_atom=9.1 meV, RMSE_F=143.2 meV / A
2024-07-16 21:08:25.003 INFO: Epoch 1172: loss=0.0204, RMSE_E_per_atom=2.6 meV, RMSE_F=142.7 meV / A
2024-07-16 21:09:01.390 INFO: Epoch 1174: loss=0.0203, RMSE_E_per_atom=19.3 meV, RMSE_F=142.5 meV / A
2024-07-16 21:09:37.853 INFO: Epoch 1176: loss=0.0202, RMSE_E_per_atom=20.2 meV, RMSE_F=142.0 meV / A
2024-07-16 21:10:14.375 INFO: Epoch 1178: loss=0.0201, RMSE_E_per_atom=3.2 meV, RMSE_F=141.8 meV / A
2024-07-16 21:10:52.159 INFO: Epoch 1180: loss=0.0200, RMSE_E_per_atom=28.9 meV, RMSE_F=141.2 meV / A
2024-07-16 21:11:28.583 INFO: Epoch 1182: loss=0.0199, RMSE_E_per_atom=14.6 meV, RMSE_F=140.9 meV / A
2024-07-16 21:12:04.962 INFO: Epoch 1184: loss=0.0198, RMSE_E_per_atom=8.9 meV, RMSE_F=140.6 meV / A
2024-07-16 21:12:41.525 INFO: Epoch 1186: loss=0.0197, RMSE_E_per_atom=4.6 meV, RMSE_F=140.3 meV / A
2024-07-16 21:13:17.936 INFO: Epoch 1188: loss=0.0196, RMSE_E_per_atom=14.5 meV, RMSE_F=139.8 meV / A
2024-07-16 21:13:54.353 INFO: Epoch 1190: loss=0.0195, RMSE_E_per_atom=7.4 meV, RMSE_F=139.5 meV / A
2024-07-16 21:14:30.776 INFO: Epoch 1192: loss=0.0195, RMSE_E_per_atom=9.3 meV, RMSE_F=139.5 meV / A
